{
  "stats": {
    "suites": 2,
    "tests": 4,
    "passes": 2,
    "pending": 0,
    "failures": 2,
    "start": "2021-04-29T19:26:10.967Z",
    "end": "2021-04-29T19:28:54.719Z",
    "duration": 163752,
    "testsRegistered": 4,
    "passPercent": 50,
    "pendingPercent": 0,
    "other": 0,
    "hasOther": false,
    "skipped": 0,
    "hasSkipped": false
  },
  "results": [
    {
      "uuid": "e4feb289-3ae8-4a23-9c0e-54ad41672ff8",
      "title": "",
      "fullFile": "cypress\\integration\\eauditoriatwo.spec.js",
      "file": "cypress\\integration\\eauditoriatwo.spec.js",
      "beforeHooks": [],
      "afterHooks": [],
      "tests": [],
      "suites": [
        {
          "uuid": "c3a048ef-45bd-4c4d-a6f7-41796f7ed6b3",
          "title": "Módulo e-Auditor",
          "fullFile": "",
          "file": "",
          "beforeHooks": [],
          "afterHooks": [],
          "tests": [],
          "suites": [
            {
              "uuid": "070452c8-3450-4084-b5b4-20007ead5181",
              "title": "Testes no Cadastro de Empresas",
              "fullFile": "",
              "file": "",
              "beforeHooks": [],
              "afterHooks": [],
              "tests": [
                {
                  "title": "Cadastrar empresas",
                  "fullTitle": "Módulo e-Auditor Testes no Cadastro de Empresas Cadastrar empresas",
                  "timedOut": null,
                  "duration": 56565,
                  "state": "passed",
                  "speed": "slow",
                  "pass": true,
                  "fail": false,
                  "pending": false,
                  "context": null,
                  "code": "cy.get('#CNPJ_Cadastro').type('17685872000133');\ncy.get('#Cidade_Cadastro').type('Carmo do Rio Claro');\ncy.get('#Razao_Social_Cadastro').type('DSG FARMA JD AMERICA LTDA');\ncy.get('#Regime_Tributacao_Cadastro_Input').type('Simples Nacional');\ncy.get('em').click();\ncy.get('#ctl00_central_UF_Cadastro_Input').type('MG');\ncy.get('em').click();\ncy.wait(2000);\ncy.get('#IE_Cadastro').type('0021090320019');\ncy.wait(2000);\ncy.get('#btnSalvar2').click();\ncy.timeout(30000);\ncy.get('.confirm').should('exist');\ncy.get('.confirm').click();\ncy.wait(5000);\ncy.get('#ContentSidebarLeft_menuSidebarLeft_btnPreCadastro > .btn-action-sidebar').click();\ncy.wait(3000);\ncy.get('#CNPJ_Cadastro').type('02126840000120');\ncy.get('#Cidade_Cadastro').type('Juiz de Fora');\ncy.get('#Razao_Social_Cadastro').type('GILMAQ COMERCIO DE MAQUINAS AGRICOLAS LTDA - EPP');\ncy.get('#ctl00_central_UF_Cadastro_Input').type('MG');\ncy.get('em').click();\ncy.get('#Regime_Tributacao_Cadastro_Input').type('Simples Nacional');\ncy.get('#IE_Cadastro').type('2237135870051');\ncy.get('#btnSalvar2').click();\ncy.timeout(30000);\ncy.get('.confirm').should('exist');\ncy.get('.confirm').click();\ncy.timeout(30000); // cy.xpath(\"//*[contains(@id, 'ctl00_ctl00_ContentSidebarLeft_menuSidebarLeft_rtvEmpresasPanel')]//*[contains(@title, 'GILMAQ COMERCIO DE MAQUINAS AGRICOLAS LTDA - EPP - 02126840000120')]\").should('exist')\n//cy.get('#ContentSidebarLeft_menuSidebarLeft_btnPreCadastro > .btn-action-sidebar').click()\n//cy.get('#ContentSidebarLeft_menuSidebarLeft_btnPreCadastro > .btn-action-sidebar').click()\n// cy.get('#ctl00_ContentSidebarLeft_menuSidebarLeft_rtvEmpresas_i0_lblempresa').click()\n// cy.get('#area_dados > .titulo-card').should('be.visible')\n// cy.get('.hamburger-box').click()\n// cy.get('#ContentSidebarLeft_menuSidebarLeft_btnPreCadastro > .btn-action-sidebar').click()\n//cy.xpath(\"//*[contains(@id, 'ctl00_ctl00_ContentSidebarLeft_menuSidebarLeft_rtvEmpresasPanel')]//*[contains(@title, 'DSG FARMA JD AMERICA LTDA - 17685872000133')]\").should('exist')\n//li[@class='rcbItem']/descendant-or-self::*/text()",
                  "err": {},
                  "uuid": "3c8a7247-2b77-4404-b332-a689806b7113",
                  "parentUUID": "070452c8-3450-4084-b5b4-20007ead5181",
                  "isHook": false,
                  "skipped": false
                },
                {
                  "title": "Alterar o cadastro",
                  "fullTitle": "Módulo e-Auditor Testes no Cadastro de Empresas Alterar o cadastro",
                  "timedOut": null,
                  "duration": 22257,
                  "state": "failed",
                  "speed": null,
                  "pass": false,
                  "fail": true,
                  "pending": false,
                  "context": null,
                  "code": "cy.get('.rtMid > .rtIn > .rtTemplate').click();\ncy.wait(3000);\ncy.get('#ctl00_central_maCNPJ').should('contain', '17685872000133');\ncy.get('#nav3Link').click();\ncy.get('#chklistXML > tbody').click();\ncy.get('#chklistNFCe > tbody').click();\ncy.wait(5000);\ncy.get('#btnSalvar2').click();\ncy.wait(2000);\ncy.get('.confirm').should('exist'); // cy.xpath(\"//*[contains(@id, 'ctl00_ctl00_ContentSidebarLeft_menuSidebarLeft_rtvEmpresasPanel')]//*[contains(@title, 'DSG FARMA JD AMERICA LTDA - 17685872000133')]\").click()\n// cy.wait(2000)\n// cy.get('#MenuPadrao_MenuInicio').click()\n// cy.wait(5000)\n// cy.get('#menu_principal > .navbar > .nav > :nth-child(4) > .nav-link').click()\n// cy.get('#MenuPadrao_MenurelatoriosEmpresa').click()\n// cy.wait(1000)\n// cy.get('#MenuPadrao_MenuInicio').click()\n// cy.wait(1000)\n// cy.get('#menu_principal > .navbar > .nav > :nth-child(4) > .nav-link').click()\n// cy.get('#MenuPadrao_MenurelatoriosEmpresa').click()\n// cy.wait(2000)\n// cy.get('#ContentSidebarLeft_menuSidebarLeft_btnPreCadastro > .btn-action-sidebar').click()\n// Cadastrar a segunda empresa          \n//cy.get('#Regime_Tributacao_Cadastro_Input').type('Simples Nacional')\n//cy.get('#Regime_Tributacao_Cadastro_DropDown > .rcbScroll > .rcbList').contains('Simples Nacional').click()\n// cy.get('#IE_Cadastro').type('2237135870051')\n//cy.get('#Razao_Social_Cadastro').type('GILMAQ COMERCIO DE MAQUINAS AGRICOLAS LTDA - EPP')\n// cy.get('#Cidade_Cadastro').type('Juiz de Fora')\n// cy.get('#CNPJ_Cadastro').type('02126840000120')\n// cy.get('#ctl00_central_UF_Cadastro_Arrow').click()\n// cy.get('#ctl00_central_UF_Cadastro_DropDown > .rcbScroll > .rcbList').wait(300).contains('MG').click()\n// cy.wait(5000)\n//cy.get('#btnSalvar2').click()\n// cy.timeout(30000)\n// cy.get('.confirm').should('exist')\n// cy.get('.confirm').click()\n// cy.xpath(\"//*[contains(@id, 'ctl00_ctl00_ContentSidebarLeft_menuSidebarLeft_rtvEmpresasPanel')]//*[contains(@title, 'GILMAQ COMERCIO DE MAQUINAS AGRICOLAS LTDA - EPP - 02126840000120')]\").should('exist')\n/*  // Cadastrar a segunda empresa          \n cy.get('#Razao_Social_Cadastro').type('GILMAQ COMERCIO DE MAQUINAS AGRICOLAS LTDA - EPP')\n cy.get('#Regime_Tributacao_Cadastro_Input').type('Lucro Presumido')\n cy.get('#IE_Cadastro').type('2237135870051')         \n cy.get('#ctl00_central_UF_Cadastro_Input').type('MG')                        \n cy.get('em').click()           \n cy.get('#ctl00_central_Isento_Cadastro').click()\n cy.get('#CNPJ_Cadastro').type('02126840000120')            \n cy.get('#Cidades_Cadastro').type('Juiz de Fora') \n       \n cy.get('#btnSalvar2').click()\n cy.get('.confirm').should('exist')\n cy.get('.confirm').click()  */\n//cy.xpath(\"//@class[contains(.,'sa-confirm-button-container')]\").click() \n//cy.xpath(\"//*[contains(@id, 'ctl00_ctl00_ContentSidebarLeft_menuSidebarLeft_rtvEmpresasPanel')]//*[contains(@title, 'GILMAQ COMERCIO DE MAQUINAS AGRICOLAS LTDA - EPP - 02126840000120')]\").should('exist')\n//cy.xpath(\"//h2[contains(.,'sucesso')]\").should('Operação realizada com sucesso', {timeout: 30000})",
                  "err": {
                    "message": "CypressError: cy.click() can only be called on a single element. Your subject contained 2 elements. Pass { multiple: true } if you want to serially click each element.",
                    "estack": "CypressError: cy.click() can only be called on a single element. Your subject contained 2 elements. Pass { multiple: true } if you want to serially click each element.\n    at Object.cypressErr (https://apigestaoleiauteteste.e-auditoria.com.br/__cypress/runner/cypress_runner.js:86207:11)\n    at Object.throwErr (https://apigestaoleiauteteste.e-auditoria.com.br/__cypress/runner/cypress_runner.js:86162:18)\n    at Object.throwErrByPath (https://apigestaoleiauteteste.e-auditoria.com.br/__cypress/runner/cypress_runner.js:86194:17)\n    at mouseAction (https://apigestaoleiauteteste.e-auditoria.com.br/__cypress/runner/cypress_runner.js:66570:14)\n    at Context.click (https://apigestaoleiauteteste.e-auditoria.com.br/__cypress/runner/cypress_runner.js:66713:14)\n    at Context.<anonymous> (https://apigestaoleiauteteste.e-auditoria.com.br/__cypress/runner/cypress_runner.js:81414:21)\n    at https://apigestaoleiauteteste.e-auditoria.com.br/__cypress/runner/cypress_runner.js:80892:33\n    at tryCatcher (https://apigestaoleiauteteste.e-auditoria.com.br/__cypress/runner/cypress_runner.js:120203:23)\n    at Promise._settlePromiseFromHandler (https://apigestaoleiauteteste.e-auditoria.com.br/__cypress/runner/cypress_runner.js:118139:31)\n    at Promise._settlePromise (https://apigestaoleiauteteste.e-auditoria.com.br/__cypress/runner/cypress_runner.js:118196:18)\n    at Promise._settlePromiseCtx (https://apigestaoleiauteteste.e-auditoria.com.br/__cypress/runner/cypress_runner.js:118233:10)\n    at Async../node_modules/bluebird/js/release/async.js.Async._drainQueue (https://apigestaoleiauteteste.e-auditoria.com.br/__cypress/runner/cypress_runner.js:114933:12)\n    at Async../node_modules/bluebird/js/release/async.js.Async._drainQueues (https://apigestaoleiauteteste.e-auditoria.com.br/__cypress/runner/cypress_runner.js:114938:10)\n    at Async.drainQueues (https://apigestaoleiauteteste.e-auditoria.com.br/__cypress/runner/cypress_runner.js:114812:14)",
                    "diff": null
                  },
                  "uuid": "d766c7f2-17b9-4f9f-9ddc-6627f28677ad",
                  "parentUUID": "070452c8-3450-4084-b5b4-20007ead5181",
                  "isHook": false,
                  "skipped": false
                },
                {
                  "title": "Validar obrigatoriedade dos campos",
                  "fullTitle": "Módulo e-Auditor Testes no Cadastro de Empresas Validar obrigatoriedade dos campos",
                  "timedOut": null,
                  "duration": 38047,
                  "state": "passed",
                  "speed": "slow",
                  "pass": true,
                  "fail": false,
                  "pending": false,
                  "context": null,
                  "code": "// Razão Social\ncy.get('#btnSalvar2').click();\ncy.get('p[style=\"display: block;\"]').should('exist'); //cy.xpath(\"//p[contains(.,'Razão Social')]\").should('contains','Informe o campo (Razão Social), da empresa.')\ncy.get('.confirm').click();\ncy.get('#Razao_Social_Cadastro').type('DSG FARMA JD AMERICA LTDA'); // CNPJ\ncy.get('#btnSalvar2').click();\ncy.get('p[style=\"display: block;\"]').should('exist');\ncy.get('.confirm').click();\ncy.get('#CNPJ_Cadastro').type('17685872000133'); // Estado \ncy.get('#btnSalvar2').click();\ncy.get('p[style=\"display: block;\"]').should('exist');\ncy.get('.confirm').click();\ncy.get('#ctl00_central_UF_Cadastro_Input').type('MG');\ncy.get('em').click(); // Cidade\ncy.get('#btnSalvar2').click();\ncy.get('p[style=\"display: block;\"]').should('exist');\ncy.get('.confirm').click();\ncy.get('#Cidade_Cadastro').type('Carmo do Rio Claro'); // Regime de tributação\ncy.get('#btnSalvar2').click();\ncy.get('p[style=\"display: block;\"]').should('exist');\ncy.get('.confirm').click();\ncy.get('#Regime_Tributacao_Cadastro_Input').type('Simples Nacional');\ncy.get('em').click(); //Já existe empresa cadastrada com a mesma Razão social\ncy.get('#btnSalvar2').click();\ncy.get('p[style=\"display: block;\"]').should('exist');\ncy.get('.confirm').click();",
                  "err": {},
                  "uuid": "8b0267c2-5bcf-43a4-8ffe-b5e72bc745ca",
                  "parentUUID": "070452c8-3450-4084-b5b4-20007ead5181",
                  "isHook": false,
                  "skipped": false
                },
                {
                  "title": "Excluir empresa",
                  "fullTitle": "Módulo e-Auditor Testes no Cadastro de Empresas Excluir empresa",
                  "timedOut": null,
                  "duration": 46510,
                  "state": "failed",
                  "speed": null,
                  "pass": false,
                  "fail": true,
                  "pending": false,
                  "context": null,
                  "code": "//cy.reload()\n// Identificar a empresa cadastrada no teste anterior e excluir\ncy.xpath(\"//*[contains(@id, 'ctl00_ctl00_ContentSidebarLeft_menuSidebarLeft_rtvEmpresasPanel')]//*[contains(@title, 'DSG FARMA JD AMERICA LTDA - 17685872000133')]\").click();\ncy.wait(5000);\ncy.get('#btn-excluir-empresa').click();\ncy.get('#ButtonExcluirEmpresa').click();\ncy.wait(5000);\ncy.xpath(\"//*[contains(@id, 'ctl00_ctl00_ContentSidebarLeft_menuSidebarLeft_rtvEmpresasPanel')]//*[contains(@title, 'DSG FARMA JD AMERICA LTDA - 17685872000133')]\").should('not.exist');\ncy.wait(5000); // Identificar a empresa cadastrada no teste anterior e excluir\ncy.xpath(\"//*[contains(@id, 'ctl00_ctl00_ContentSidebarLeft_menuSidebarLeft_rtvEmpresasPanel')]//*[contains(@title, 'GILMAQ COMERCIO DE MAQUINAS AGRICOLAS LTDA - EPP - 02126840000120')]\").click();\ncy.wait(5000);\ncy.get('#btn-excluir-empresa').click();\ncy.get('#ButtonExcluirEmpresa').click();\ncy.wait(5000);\ncy.xpath(\"//*[contains(@id, 'ctl00_ctl00_ContentSidebarLeft_menuSidebarLeft_rtvEmpresasPanel')]//*[contains(@title, 'GILMAQ COMERCIO DE MAQUINAS AGRICOLAS LTDA - EPP - 02126840000120')]\").should('not.exist');",
                  "err": {
                    "message": "CypressError: Timed out retrying: Expected to find element: '//*[contains(@id, 'ctl00_ctl00_ContentSidebarLeft_menuSidebarLeft_rtvEmpresasPanel')]//*[contains(@title, 'GILMAQ COMERCIO DE MAQUINAS AGRICOLAS LTDA - EPP - 02126840000120')]', but never found it.",
                    "estack": "CypressError: Timed out retrying: Expected to find element: '//*[contains(@id, 'ctl00_ctl00_ContentSidebarLeft_menuSidebarLeft_rtvEmpresasPanel')]//*[contains(@title, 'GILMAQ COMERCIO DE MAQUINAS AGRICOLAS LTDA - EPP - 02126840000120')]', but never found it.\n    at Object.cypressErr (https://apigestaoleiauteteste.e-auditoria.com.br/__cypress/runner/cypress_runner.js:86207:11)\n    at Object.throwErr (https://apigestaoleiauteteste.e-auditoria.com.br/__cypress/runner/cypress_runner.js:86162:18)\n    at Object.throwErrByPath (https://apigestaoleiauteteste.e-auditoria.com.br/__cypress/runner/cypress_runner.js:86194:17)\n    at retry (https://apigestaoleiauteteste.e-auditoria.com.br/__cypress/runner/cypress_runner.js:76849:16)\n    at onFailFn (https://apigestaoleiauteteste.e-auditoria.com.br/__cypress/runner/cypress_runner.js:65634:16)\n    at tryCatcher (https://apigestaoleiauteteste.e-auditoria.com.br/__cypress/runner/cypress_runner.js:120203:23)\n    at Promise._settlePromiseFromHandler (https://apigestaoleiauteteste.e-auditoria.com.br/__cypress/runner/cypress_runner.js:118139:31)\n    at Promise._settlePromise (https://apigestaoleiauteteste.e-auditoria.com.br/__cypress/runner/cypress_runner.js:118196:18)\n    at Promise._settlePromise0 (https://apigestaoleiauteteste.e-auditoria.com.br/__cypress/runner/cypress_runner.js:118241:10)\n    at Promise._settlePromises (https://apigestaoleiauteteste.e-auditoria.com.br/__cypress/runner/cypress_runner.js:118316:18)\n    at Async../node_modules/bluebird/js/release/async.js.Async._drainQueue (https://apigestaoleiauteteste.e-auditoria.com.br/__cypress/runner/cypress_runner.js:114928:16)\n    at Async../node_modules/bluebird/js/release/async.js.Async._drainQueues (https://apigestaoleiauteteste.e-auditoria.com.br/__cypress/runner/cypress_runner.js:114938:10)\n    at Async.drainQueues (https://apigestaoleiauteteste.e-auditoria.com.br/__cypress/runner/cypress_runner.js:114812:14)",
                    "diff": null
                  },
                  "uuid": "51f25784-80bf-4468-ad23-ee8eeaad8d90",
                  "parentUUID": "070452c8-3450-4084-b5b4-20007ead5181",
                  "isHook": false,
                  "skipped": false
                }
              ],
              "suites": [],
              "passes": [
                "3c8a7247-2b77-4404-b332-a689806b7113",
                "8b0267c2-5bcf-43a4-8ffe-b5e72bc745ca"
              ],
              "failures": [
                "d766c7f2-17b9-4f9f-9ddc-6627f28677ad",
                "51f25784-80bf-4468-ad23-ee8eeaad8d90"
              ],
              "pending": [],
              "skipped": [],
              "duration": 163379,
              "root": false,
              "rootEmpty": false,
              "_timeout": 2000
            }
          ],
          "passes": [],
          "failures": [],
          "pending": [],
          "skipped": [],
          "duration": 0,
          "root": false,
          "rootEmpty": false,
          "_timeout": 2000
        }
      ],
      "passes": [],
      "failures": [],
      "pending": [],
      "skipped": [],
      "duration": 0,
      "root": true,
      "rootEmpty": true,
      "_timeout": 2000
    }
  ],
  "meta": {
    "mocha": {
      "version": "8.3.0"
    },
    "mochawesome": {
      "options": {
        "quiet": false,
        "reportFilename": "mochawesome",
        "saveHtml": false,
        "saveJson": true,
        "consoleReporter": "spec",
        "useInlineDiffs": false,
        "code": true
      },
      "version": "6.2.2"
    },
    "marge": {
      "options": {
        "id": "default",
        "reportDir": "cypress/reports/mocha",
        "quite": true,
        "overwrite": false,
        "html": false,
        "json": true
      },
      "version": "5.2.0"
    }
  }
}