{
  "stats": {
    "suites": 4,
    "tests": 67,
    "passes": 62,
    "pending": 2,
    "failures": 3,
    "start": "2021-04-12T14:53:12.965Z",
    "end": "2021-04-12T14:53:37.594Z",
    "duration": 24629,
    "testsRegistered": 67,
    "passPercent": 95.38461538461539,
    "pendingPercent": 2.9850746268656714,
    "other": 0,
    "hasOther": false,
    "skipped": 0,
    "hasSkipped": false
  },
  "results": [
    {
      "uuid": "1a51b222-7388-4977-bcb2-1981b6dd5227",
      "title": "",
      "fullFile": "cypress\\integration\\modeloapi.spec.js",
      "file": "cypress\\integration\\modeloapi.spec.js",
      "beforeHooks": [],
      "afterHooks": [],
      "tests": [],
      "suites": [
        {
          "uuid": "f1aa874c-e955-48dc-b25d-8b8ffb48c0d3",
          "title": "Teste API modeloleiaute (Tipo Arquivo: Separador)",
          "fullFile": "",
          "file": "",
          "beforeHooks": [],
          "afterHooks": [],
          "tests": [
            {
              "title": "for",
              "fullTitle": "Teste API modeloleiaute (Tipo Arquivo: Separador) for",
              "timedOut": null,
              "duration": 0,
              "state": "pending",
              "speed": null,
              "pass": false,
              "fail": false,
              "pending": true,
              "context": null,
              "code": "",
              "err": {},
              "uuid": "492680a8-9554-4f0d-bf6e-54a19e81fd18",
              "parentUUID": "f1aa874c-e955-48dc-b25d-8b8ffb48c0d3",
              "isHook": false,
              "skipped": false
            },
            {
              "title": "POST - Cadastrando um Modelo (Separador) ",
              "fullTitle": "Teste API modeloleiaute (Tipo Arquivo: Separador) POST - Cadastrando um Modelo (Separador) ",
              "timedOut": null,
              "duration": 422,
              "state": "passed",
              "speed": "slow",
              "pass": true,
              "fail": false,
              "pending": false,
              "context": null,
              "code": "cy.request({\n  method: 'POST',\n  url: '/ModeloLeiaute',\n  body: {\n    idEscopo: '012644f1-34c5-452e-a40d-5a3c2fa70d46',\n    nome: 'Modelo ECD alterado cy',\n    descricao: 'Escrituração Contábil Digital alterado cy',\n    tipoArquivo: 'Separador',\n    configArquivo: '|'\n  }\n}).its('status').should('be.equal', 200); // Validar POST\ncy.request({\n  method: 'GET',\n  url: '/ModeloLeiaute'\n}).its('body.retorno').should('not.be.empty');",
              "err": {},
              "uuid": "726e51b1-f2e4-4964-9d8a-d6a04146420e",
              "parentUUID": "f1aa874c-e955-48dc-b25d-8b8ffb48c0d3",
              "isHook": false,
              "skipped": false
            },
            {
              "title": "POST - Cadastrando um Modelo com um Nome que já existe (Separador) ",
              "fullTitle": "Teste API modeloleiaute (Tipo Arquivo: Separador) POST - Cadastrando um Modelo com um Nome que já existe (Separador) ",
              "timedOut": null,
              "duration": 824,
              "state": "failed",
              "speed": null,
              "pass": false,
              "fail": true,
              "pending": false,
              "context": null,
              "code": "cy.request({\n  method: 'POST',\n  url: '/ModeloLeiaute',\n  body: {\n    idEscopo: '012644f1-34c5-452e-a40d-5a3c2fa70d46',\n    nome: 'Modelo ECD alterado cy',\n    descricao: 'Escrituração Contábil Digital alterado teste cy',\n    tipoArquivo: 'Separador',\n    configArquivo: '|'\n  },\n  failOnStatusCode: false\n}).as('response');\ncy.get('@response').then(function (resposta) {\n  console.log(resposta);\n  expect(resposta.status).to.be.equal(400);\n  expect(resposta.body.errors[\"\"][0]).to.be.equal('Já existe um Modelo Leiaute com o nome especificado');\n});",
              "err": {
                "message": "TypeError: Cannot read property '0' of undefined",
                "estack": "TypeError: Cannot read property '0' of undefined\n    at Context.<anonymous> (https://apigestaoleiauteteste.e-auditoria.com.br/__cypress/tests?p=cypress\\integration\\modeloapi.spec.js-966:55:38)",
                "diff": null
              },
              "uuid": "7a20696d-22a6-4030-babe-efcb6eaf87a6",
              "parentUUID": "f1aa874c-e955-48dc-b25d-8b8ffb48c0d3",
              "isHook": false,
              "skipped": false
            },
            {
              "title": "POST - Todos os Campo obrigatórios não preenchidos",
              "fullTitle": "Teste API modeloleiaute (Tipo Arquivo: Separador) POST - Todos os Campo obrigatórios não preenchidos",
              "timedOut": null,
              "duration": 329,
              "state": "passed",
              "speed": "slow",
              "pass": true,
              "fail": false,
              "pending": false,
              "context": null,
              "code": "cy.request({\n  method: 'POST',\n  url: '/ModeloLeiaute',\n  body: {\n    idEscopo: '012644f1-34c5-452e-a40d-5a3c2fa70d46'\n  },\n  failOnStatusCode: false\n}).as('response');\ncy.get('@response').then(function (resposta) {\n  console.log(resposta);\n  expect(resposta.status).to.be.equal(400);\n  expect(resposta.body.errors.Descricao[0]).to.be.equal('O campo de Descrição é obrigatório');\n  expect(resposta.body.errors.Nome[0]).to.be.equal('O campo de Nome é obrigatório');\n  expect(resposta.body.errors.TipoArquivo[0]).to.be.equal('O campo de TipoArquivo é obrigatório');\n});",
              "err": {},
              "uuid": "d43bd7c7-d5aa-4363-b955-a5519a31b363",
              "parentUUID": "f1aa874c-e955-48dc-b25d-8b8ffb48c0d3",
              "isHook": false,
              "skipped": false
            },
            {
              "title": "POST - Campo Descrição vazio (O campo de Descrição é obrigatório)",
              "fullTitle": "Teste API modeloleiaute (Tipo Arquivo: Separador) POST - Campo Descrição vazio (O campo de Descrição é obrigatório)",
              "timedOut": null,
              "duration": 324,
              "state": "passed",
              "speed": "slow",
              "pass": true,
              "fail": false,
              "pending": false,
              "context": null,
              "code": "cy.request({\n  method: 'POST',\n  url: '/ModeloLeiaute',\n  body: {\n    idEscopo: '012644f1-34c5-452e-a40d-5a3c2fa70d46',\n    nome: 'Modelo ECD Validacao cy',\n    descricao: '',\n    tipoArquivo: 'Separador',\n    configArquivo: '|'\n  },\n  failOnStatusCode: false\n}).as('response');\ncy.get('@response').then(function (resposta) {\n  console.log(resposta);\n  expect(resposta.status).to.be.equal(400);\n  expect(resposta.body.errors.Descricao[0]).to.be.equal('O campo de Descrição é obrigatório');\n});",
              "err": {},
              "uuid": "95f08552-da31-4c2b-bace-52b03a18e09a",
              "parentUUID": "f1aa874c-e955-48dc-b25d-8b8ffb48c0d3",
              "isHook": false,
              "skipped": false
            },
            {
              "title": "POST - Campo Nome vazio (O campo de nome é obrigatório)",
              "fullTitle": "Teste API modeloleiaute (Tipo Arquivo: Separador) POST - Campo Nome vazio (O campo de nome é obrigatório)",
              "timedOut": null,
              "duration": 289,
              "state": "passed",
              "speed": "slow",
              "pass": true,
              "fail": false,
              "pending": false,
              "context": null,
              "code": "cy.request({\n  method: 'POST',\n  url: '/ModeloLeiaute',\n  body: {\n    idEscopo: '012644f1-34c5-452e-a40d-5a3c2fa70d46',\n    nome: '',\n    descricao: 'Escrituração Contábil Digital Validacao cy',\n    tipoArquivo: 'Separador',\n    configArquivo: '|'\n  },\n  failOnStatusCode: false\n}).as('response');\ncy.get('@response').then(function (resposta) {\n  console.log(resposta);\n  expect(resposta.status).to.be.equal(400);\n  expect(resposta.body.errors.Nome[0]).to.be.equal('O campo de Nome é obrigatório');\n});",
              "err": {},
              "uuid": "296d46e8-b982-486f-bbf6-1f59b5d3882d",
              "parentUUID": "f1aa874c-e955-48dc-b25d-8b8ffb48c0d3",
              "isHook": false,
              "skipped": false
            },
            {
              "title": "POST - Campo tipoArquivo vazio (\"O campo de tipoArquivo é obrigatório\")",
              "fullTitle": "Teste API modeloleiaute (Tipo Arquivo: Separador) POST - Campo tipoArquivo vazio (\"O campo de tipoArquivo é obrigatório\")",
              "timedOut": null,
              "duration": 279,
              "state": "passed",
              "speed": "slow",
              "pass": true,
              "fail": false,
              "pending": false,
              "context": null,
              "code": "cy.request({\n  method: 'POST',\n  url: '/ModeloLeiaute',\n  body: {\n    idEscopo: '012644f1-34c5-452e-a40d-5a3c2fa70d46',\n    nome: 'Modelo ECD Validacao cy',\n    descricao: 'Escrituração Contábil Digital Validacao cy',\n    configArquivo: '|'\n  },\n  failOnStatusCode: false\n}).as('response');\ncy.get('@response').then(function (resposta) {\n  console.log(resposta);\n  expect(resposta.status).to.be.equal(400);\n  expect(resposta.body.errors.TipoArquivo[0]).to.be.equal('O campo de TipoArquivo é obrigatório');\n});",
              "err": {},
              "uuid": "ef69ee14-a110-42be-9bc6-6aa23ea3f0f1",
              "parentUUID": "f1aa874c-e955-48dc-b25d-8b8ffb48c0d3",
              "isHook": false,
              "skipped": false
            },
            {
              "title": "POST - Campo tipoArquivo INVÁLIDO (\"O campo de tipoArquivo é obrigatório\")",
              "fullTitle": "Teste API modeloleiaute (Tipo Arquivo: Separador) POST - Campo tipoArquivo INVÁLIDO (\"O campo de tipoArquivo é obrigatório\")",
              "timedOut": null,
              "duration": 212,
              "state": "passed",
              "speed": "slow",
              "pass": true,
              "fail": false,
              "pending": false,
              "context": null,
              "code": "cy.request({\n  method: 'POST',\n  url: '/ModeloLeiaute',\n  body: {\n    idEscopo: '012644f1-34c5-452e-a40d-5a3c2fa70d46',\n    nome: 'Modelo ECD Validacao cy',\n    descricao: 'Escrituração Contábil Digital Validacao cy',\n    tipoArquivo: 'Testes',\n    configArquivo: '|'\n  },\n  failOnStatusCode: false\n}).as('response');\ncy.get('@response').then(function (resposta) {\n  console.log(resposta);\n  expect(resposta.status).to.be.equal(400);\n  expect(resposta.body.errors.TipoArquivo[0]).to.be.equal('O campo de TipoArquivo é obrigatório');\n});",
              "err": {},
              "uuid": "7c2b7a95-83ec-41db-9075-5bd016c45582",
              "parentUUID": "f1aa874c-e955-48dc-b25d-8b8ffb48c0d3",
              "isHook": false,
              "skipped": false
            },
            {
              "title": "POST - Campo configArquivo vazio (\"O campo de ConfigArquivo é obrigatório\")",
              "fullTitle": "Teste API modeloleiaute (Tipo Arquivo: Separador) POST - Campo configArquivo vazio (\"O campo de ConfigArquivo é obrigatório\")",
              "timedOut": null,
              "duration": 211,
              "state": "passed",
              "speed": "slow",
              "pass": true,
              "fail": false,
              "pending": false,
              "context": null,
              "code": "cy.request({\n  method: 'POST',\n  url: '/ModeloLeiaute',\n  body: {\n    idEscopo: '012644f1-34c5-452e-a40d-5a3c2fa70d46',\n    nome: 'Modelo ECD Validacao cy',\n    descricao: 'Escrituração Contábil Digital Validacao cy',\n    tipoArquivo: 'Separador',\n    configArquivo: ''\n  },\n  failOnStatusCode: false\n}).as('response');\ncy.get('@response').then(function (resposta) {\n  console.log(resposta);\n  expect(resposta.status).to.be.equal(400);\n  expect(resposta.body.errors.ConfigArquivo[0]).to.be.equal('O campo de ConfigArquivo é obrigatório');\n});",
              "err": {},
              "uuid": "b1a564fe-3e18-43e1-99b1-baf0daa1e393",
              "parentUUID": "f1aa874c-e955-48dc-b25d-8b8ffb48c0d3",
              "isHook": false,
              "skipped": false
            },
            {
              "title": "POST - Mais de 5 caracteres no ConfigArquivo (O campo deve ter no máximo 5 caracteres)",
              "fullTitle": "Teste API modeloleiaute (Tipo Arquivo: Separador) POST - Mais de 5 caracteres no ConfigArquivo (O campo deve ter no máximo 5 caracteres)",
              "timedOut": null,
              "duration": 347,
              "state": "passed",
              "speed": "slow",
              "pass": true,
              "fail": false,
              "pending": false,
              "context": null,
              "code": "cy.request({\n  method: 'POST',\n  url: '/ModeloLeiaute',\n  body: {\n    idEscopo: '012644f1-34c5-452e-a40d-5a3c2fa70d46',\n    nome: 'Modelo ECD Validacao cy',\n    descricao: 'Escrituração Contábil Digital Validacao cy',\n    tipoArquivo: 'Separador',\n    configArquivo: '//////'\n  },\n  failOnStatusCode: false\n}).as('response');\ncy.get('@response').then(function (resposta) {\n  console.log(resposta);\n  expect(resposta.status).to.be.equal(400);\n  expect(resposta.body.errors.ConfigArquivo[0]).to.be.equal('O campo deve ter no máximo 5 caracteres');\n});",
              "err": {},
              "uuid": "a2ec303b-283e-4112-b445-b3e7a7a25294",
              "parentUUID": "f1aa874c-e955-48dc-b25d-8b8ffb48c0d3",
              "isHook": false,
              "skipped": false
            },
            {
              "title": "POST - Campo idEscopo vazio (Campo NÃO obrigatório)",
              "fullTitle": "Teste API modeloleiaute (Tipo Arquivo: Separador) POST - Campo idEscopo vazio (Campo NÃO obrigatório)",
              "timedOut": null,
              "duration": 202,
              "state": "passed",
              "speed": "slow",
              "pass": true,
              "fail": false,
              "pending": false,
              "context": null,
              "code": "cy.request({\n  method: 'POST',\n  url: '/ModeloLeiaute',\n  body: {\n    idEscopo: '',\n    nome: 'Modelo ECD Validacao cy',\n    descricao: 'Escrituração Contábil Digital Validacao cy',\n    tipoArquivo: 'Separador',\n    configArquivo: '|'\n  },\n  failOnStatusCode: false\n}).as('response');\ncy.get('@response').then(function (resposta) {\n  console.log(resposta);\n  expect(resposta.status).to.be.equal(200);\n});",
              "err": {},
              "uuid": "7003ac92-3bb7-4e59-b070-161106597626",
              "parentUUID": "f1aa874c-e955-48dc-b25d-8b8ffb48c0d3",
              "isHook": false,
              "skipped": false
            },
            {
              "title": "GET - Pegar informações",
              "fullTitle": "Teste API modeloleiaute (Tipo Arquivo: Separador) GET - Pegar informações",
              "timedOut": null,
              "duration": 277,
              "state": "passed",
              "speed": "slow",
              "pass": true,
              "fail": false,
              "pending": false,
              "context": null,
              "code": "cy.request({\n  method: 'GET',\n  url: '/ModeloLeiaute'\n}).then(function (resposta) {\n  return console.log(resposta);\n});",
              "err": {},
              "uuid": "6252026b-00df-4c41-ae79-32cc559b05af",
              "parentUUID": "f1aa874c-e955-48dc-b25d-8b8ffb48c0d3",
              "isHook": false,
              "skipped": false
            },
            {
              "title": "GET - Verificar se existe modelo leaiute cadastrado",
              "fullTitle": "Teste API modeloleiaute (Tipo Arquivo: Separador) GET - Verificar se existe modelo leaiute cadastrado",
              "timedOut": null,
              "duration": 0,
              "state": "pending",
              "speed": null,
              "pass": false,
              "fail": false,
              "pending": true,
              "context": null,
              "code": "",
              "err": {},
              "uuid": "b3c85b60-d6f2-45f0-820a-adcaf808061b",
              "parentUUID": "f1aa874c-e955-48dc-b25d-8b8ffb48c0d3",
              "isHook": false,
              "skipped": false
            },
            {
              "title": "PUT - Alterando (Nome e Descrição) um modelo já cadastrado",
              "fullTitle": "Teste API modeloleiaute (Tipo Arquivo: Separador) PUT - Alterando (Nome e Descrição) um modelo já cadastrado",
              "timedOut": null,
              "duration": 493,
              "state": "passed",
              "speed": "slow",
              "pass": true,
              "fail": false,
              "pending": false,
              "context": null,
              "code": "cy.request({\n  method: 'GET',\n  url: '/ModeloLeiaute',\n  qs: {\n    nome: 'Modelo ECD alterado cy'\n  }\n}).then(function (resposta) {\n  cy.request({\n    method: 'PUT',\n    url: \"/ModeloLeiaute/\".concat(resposta.body.retorno[0].id),\n    body: {\n      idEscopo: '012644f1-34c5-452e-a40d-5a3c2fa70d46',\n      nome: 'Modelo ECD alterado pelo cy',\n      descricao: 'Escrituração Contábil Digital alterado pelo cy',\n      tipoArquivo: 'Separador',\n      configArquivo: '|'\n    }\n  }).as('response');\n});\ncy.get('@response').its('status').should('be.equal', 200);\ncy.get('@response').its('body.retorno').should('exist');",
              "err": {},
              "uuid": "ad7d2925-b734-42a5-82a8-246ac622f75c",
              "parentUUID": "f1aa874c-e955-48dc-b25d-8b8ffb48c0d3",
              "isHook": false,
              "skipped": false
            },
            {
              "title": "PUT - Alterando (ConfigArquivo) um modelo já cadastrado",
              "fullTitle": "Teste API modeloleiaute (Tipo Arquivo: Separador) PUT - Alterando (ConfigArquivo) um modelo já cadastrado",
              "timedOut": null,
              "duration": 279,
              "state": "passed",
              "speed": "slow",
              "pass": true,
              "fail": false,
              "pending": false,
              "context": null,
              "code": "cy.request({\n  method: 'GET',\n  url: '/ModeloLeiaute',\n  qs: {\n    nome: 'Modelo ECD alterado pelo cy'\n  }\n}).then(function (resposta) {\n  cy.request({\n    method: 'PUT',\n    url: \"/ModeloLeiaute/\".concat(resposta.body.retorno[0].id),\n    body: {\n      idEscopo: '012644f1-34c5-452e-a40d-5a3c2fa70d46',\n      nome: 'Modelo ECD alterado pelo cy',\n      descricao: 'Escrituração Contábil Digital alterado pelo cy',\n      tipoArquivo: 'Separador',\n      configArquivo: '//'\n    }\n  }).as('response');\n});\ncy.get('@response').its('status').should('be.equal', 200);\ncy.get('@response').its('body.retorno').should('exist');",
              "err": {},
              "uuid": "df056285-f461-4431-82e4-1a2c3a8503c2",
              "parentUUID": "f1aa874c-e955-48dc-b25d-8b8ffb48c0d3",
              "isHook": false,
              "skipped": false
            },
            {
              "title": "PUT - Campo Descrição vazio (O campo de Descrição é obrigatório)",
              "fullTitle": "Teste API modeloleiaute (Tipo Arquivo: Separador) PUT - Campo Descrição vazio (O campo de Descrição é obrigatório)",
              "timedOut": null,
              "duration": 271,
              "state": "passed",
              "speed": "slow",
              "pass": true,
              "fail": false,
              "pending": false,
              "context": null,
              "code": "cy.request({\n  method: 'GET',\n  url: '/ModeloLeiaute',\n  qs: {\n    nome: 'Modelo ECD alterado pelo cy'\n  }\n}).then(function (resposta) {\n  cy.request({\n    method: 'PUT',\n    url: \"/ModeloLeiaute/\".concat(resposta.body.retorno[0].id),\n    body: {\n      idEscopo: '012644f1-34c5-452e-a40d-5a3c2fa70d46',\n      nome: 'Modelo ECD alterado pelo cy',\n      descricao: '',\n      tipoArquivo: 'Separador',\n      configArquivo: '//'\n    },\n    failOnStatusCode: false\n  }).as('response');\n});\ncy.get('@response').then(function (resposta) {\n  console.log(resposta);\n  expect(resposta.status).to.be.equal(400);\n  expect(resposta.body.errors.Descricao[0]).to.be.equal('O campo de Descrição é obrigatório');\n});",
              "err": {},
              "uuid": "b12708f2-e78d-4f45-b768-2c3a7e3c01ff",
              "parentUUID": "f1aa874c-e955-48dc-b25d-8b8ffb48c0d3",
              "isHook": false,
              "skipped": false
            },
            {
              "title": "PUT - Campo ConfigArquivo mais de 5 caracteres (O campo deve ter no máximo 5 caracteres)",
              "fullTitle": "Teste API modeloleiaute (Tipo Arquivo: Separador) PUT - Campo ConfigArquivo mais de 5 caracteres (O campo deve ter no máximo 5 caracteres)",
              "timedOut": null,
              "duration": 409,
              "state": "passed",
              "speed": "slow",
              "pass": true,
              "fail": false,
              "pending": false,
              "context": null,
              "code": "cy.request({\n  method: 'GET',\n  url: '/ModeloLeiaute',\n  qs: {\n    nome: 'Modelo ECD alterado pelo cy'\n  }\n}).then(function (resposta) {\n  cy.request({\n    method: 'PUT',\n    url: \"/ModeloLeiaute/\".concat(resposta.body.retorno[0].id),\n    body: {\n      idEscopo: '012644f1-34c5-452e-a40d-5a3c2fa70d46',\n      nome: 'Modelo ECD alterado pelo cy',\n      descricao: 'Escrituração Contábil Digital alterado pelo cy',\n      tipoArquivo: 'Separador',\n      configArquivo: '||||||'\n    },\n    failOnStatusCode: false\n  }).as('response');\n});\ncy.get('@response').then(function (resposta) {\n  console.log(resposta);\n  expect(resposta.status).to.be.equal(400);\n  expect(resposta.body.errors.ConfigArquivo[0]).to.be.equal('O campo deve ter no máximo 5 caracteres');\n});",
              "err": {},
              "uuid": "240d9d4d-b607-4590-822a-f35aa7e7e7e5",
              "parentUUID": "f1aa874c-e955-48dc-b25d-8b8ffb48c0d3",
              "isHook": false,
              "skipped": false
            },
            {
              "title": "PUT - Campo Nome vazio (O campo de Nome é obrigatório)",
              "fullTitle": "Teste API modeloleiaute (Tipo Arquivo: Separador) PUT - Campo Nome vazio (O campo de Nome é obrigatório)",
              "timedOut": null,
              "duration": 379,
              "state": "passed",
              "speed": "slow",
              "pass": true,
              "fail": false,
              "pending": false,
              "context": null,
              "code": "cy.request({\n  method: 'GET',\n  url: '/ModeloLeiaute',\n  qs: {\n    nome: 'Modelo ECD alterado pelo cy'\n  }\n}).then(function (resposta) {\n  cy.request({\n    method: 'PUT',\n    url: \"/ModeloLeiaute/\".concat(resposta.body.retorno[0].id),\n    body: {\n      idEscopo: '012644f1-34c5-452e-a40d-5a3c2fa70d46',\n      nome: '',\n      descricao: 'Escrituração Contábil Digital alterado pelo cy',\n      tipoArquivo: 'Separador',\n      configArquivo: '//'\n    },\n    failOnStatusCode: false\n  }).as('response');\n});\ncy.get('@response').then(function (resposta) {\n  console.log(resposta);\n  expect(resposta.status).to.be.equal(400);\n  expect(resposta.body.errors.Nome[0]).to.be.equal('O campo de Nome é obrigatório');\n});",
              "err": {},
              "uuid": "6b50a3ca-f7b0-4112-8a34-ca424c991890",
              "parentUUID": "f1aa874c-e955-48dc-b25d-8b8ffb48c0d3",
              "isHook": false,
              "skipped": false
            },
            {
              "title": "PUT - Campo idEscopo vazio. Campo NÃO obrigatório",
              "fullTitle": "Teste API modeloleiaute (Tipo Arquivo: Separador) PUT - Campo idEscopo vazio. Campo NÃO obrigatório",
              "timedOut": null,
              "duration": 289,
              "state": "passed",
              "speed": "slow",
              "pass": true,
              "fail": false,
              "pending": false,
              "context": null,
              "code": "cy.request({\n  method: 'GET',\n  url: '/ModeloLeiaute',\n  qs: {\n    nome: 'Modelo ECD alterado pelo cy'\n  }\n}).then(function (resposta) {\n  cy.request({\n    method: 'PUT',\n    url: \"/ModeloLeiaute/\".concat(resposta.body.retorno[0].id),\n    body: {\n      idEscopo: '',\n      nome: 'Modelo ECD alterado pelo cy',\n      descricao: 'Escrituração Contábil Digital alterado pelo cy',\n      tipoArquivo: 'Separador',\n      configArquivo: '//'\n    },\n    failOnStatusCode: false\n  }).as('response');\n});\ncy.get('@response').then(function (resposta) {\n  console.log(resposta);\n  expect(resposta.status).to.be.equal(200); //expect(resposta.body.errors.idEscopo[0]).to.be.equal('O campo de idEscopo é obrigatório')\n});",
              "err": {},
              "uuid": "110e2e02-c1bb-4e46-950b-3f026213a7a0",
              "parentUUID": "f1aa874c-e955-48dc-b25d-8b8ffb48c0d3",
              "isHook": false,
              "skipped": false
            },
            {
              "title": "PUT - Campo tipoArquivo vazio (O campo de TipoArquivo é obrigatório)",
              "fullTitle": "Teste API modeloleiaute (Tipo Arquivo: Separador) PUT - Campo tipoArquivo vazio (O campo de TipoArquivo é obrigatório)",
              "timedOut": null,
              "duration": 256,
              "state": "passed",
              "speed": "slow",
              "pass": true,
              "fail": false,
              "pending": false,
              "context": null,
              "code": "cy.request({\n  method: 'GET',\n  url: '/ModeloLeiaute',\n  qs: {\n    nome: 'Modelo ECD alterado pelo cy'\n  }\n}).then(function (resposta) {\n  cy.request({\n    method: 'PUT',\n    url: \"/ModeloLeiaute/\".concat(resposta.body.retorno[0].id),\n    body: {\n      idEscopo: '012644f1-34c5-452e-a40d-5a3c2fa70d46',\n      nome: 'Modelo ECD alterado pelo cy',\n      descricao: 'Escrituração Contábil Digital alterado pelo cy',\n      configArquivo: ''\n    },\n    failOnStatusCode: false\n  }).as('response');\n});\ncy.get('@response').then(function (resposta) {\n  console.log(resposta);\n  expect(resposta.status).to.be.equal(400);\n  expect(resposta.body.errors.TipoArquivo[0]).to.be.equal('O campo de TipoArquivo é obrigatório');\n});",
              "err": {},
              "uuid": "0ff614b7-1db9-4180-a176-3323e40dc929",
              "parentUUID": "f1aa874c-e955-48dc-b25d-8b8ffb48c0d3",
              "isHook": false,
              "skipped": false
            },
            {
              "title": "PUT - Campo configArquivo vazio (O campo de ConfigArquivo é obrigatório)",
              "fullTitle": "Teste API modeloleiaute (Tipo Arquivo: Separador) PUT - Campo configArquivo vazio (O campo de ConfigArquivo é obrigatório)",
              "timedOut": null,
              "duration": 361,
              "state": "passed",
              "speed": "slow",
              "pass": true,
              "fail": false,
              "pending": false,
              "context": null,
              "code": "cy.request({\n  method: 'GET',\n  url: '/ModeloLeiaute',\n  qs: {\n    nome: 'Modelo ECD alterado pelo cy'\n  }\n}).then(function (resposta) {\n  cy.request({\n    method: 'PUT',\n    url: \"/ModeloLeiaute/\".concat(resposta.body.retorno[0].id),\n    body: {\n      idEscopo: '012644f1-34c5-452e-a40d-5a3c2fa70d46',\n      nome: 'Modelo ECD alterado pelo cy',\n      descricao: 'Escrituração Contábil Digital alterado pelo cy',\n      tipoArquivo: 'Separador',\n      configArquivo: ''\n    },\n    failOnStatusCode: false\n  }).as('response');\n});\ncy.get('@response').then(function (resposta) {\n  console.log(resposta);\n  expect(resposta.status).to.be.equal(400);\n  expect(resposta.body.errors.ConfigArquivo[0]).to.be.equal('O campo de ConfigArquivo é obrigatório');\n});",
              "err": {},
              "uuid": "6e0a1977-d565-4477-b18a-b50b4911df5f",
              "parentUUID": "f1aa874c-e955-48dc-b25d-8b8ffb48c0d3",
              "isHook": false,
              "skipped": false
            },
            {
              "title": "DELETE - Cadastro de modelo",
              "fullTitle": "Teste API modeloleiaute (Tipo Arquivo: Separador) DELETE - Cadastro de modelo",
              "timedOut": null,
              "duration": 334,
              "state": "passed",
              "speed": "slow",
              "pass": true,
              "fail": false,
              "pending": false,
              "context": null,
              "code": "cy.request({\n  method: 'GET',\n  url: '/ModeloLeiaute',\n  qs: {\n    nome: 'Modelo ECD alterado pelo cy'\n  }\n}).then(function (resposta) {\n  cy.request({\n    method: 'DELETE',\n    url: \"/ModeloLeiaute/\".concat(resposta.body.retorno[0].id)\n  }).its('status').should('be.equal', 200);\n});",
              "err": {},
              "uuid": "9fbbe137-db87-4903-b6ac-e9f7d86596f0",
              "parentUUID": "f1aa874c-e955-48dc-b25d-8b8ffb48c0d3",
              "isHook": false,
              "skipped": false
            },
            {
              "title": "GET - Validando se modelo foi removido",
              "fullTitle": "Teste API modeloleiaute (Tipo Arquivo: Separador) GET - Validando se modelo foi removido",
              "timedOut": null,
              "duration": 178,
              "state": "passed",
              "speed": "slow",
              "pass": true,
              "fail": false,
              "pending": false,
              "context": null,
              "code": "cy.request({\n  method: 'GET',\n  url: '/ModeloLeiaute'\n}).then(function (resposta) {\n  var nomeModelo = null;\n  resposta.body.retorno.forEach(function (c) {\n    if (c.nome === 'Modelo ECD alterado pelo cy') nomeModelo = c.nome;\n  });\n  expect(nomeModelo).not.be.equal('Modelo ECD alterado pelo cy');\n});",
              "err": {},
              "uuid": "9942c759-53b1-42e1-a64d-1c4598ba6357",
              "parentUUID": "f1aa874c-e955-48dc-b25d-8b8ffb48c0d3",
              "isHook": false,
              "skipped": false
            },
            {
              "title": "DELETE - Cadastro de modelo com idEscopo vazio",
              "fullTitle": "Teste API modeloleiaute (Tipo Arquivo: Separador) DELETE - Cadastro de modelo com idEscopo vazio",
              "timedOut": null,
              "duration": 341,
              "state": "passed",
              "speed": "slow",
              "pass": true,
              "fail": false,
              "pending": false,
              "context": null,
              "code": "cy.request({\n  method: 'GET',\n  url: '/ModeloLeiaute',\n  qs: {\n    nome: 'Modelo ECD Validacao cy'\n  }\n}).then(function (resposta) {\n  cy.request({\n    method: 'DELETE',\n    url: \"/ModeloLeiaute/\".concat(resposta.body.retorno[0].id)\n  }).its('status').should('be.equal', 200);\n});",
              "err": {},
              "uuid": "1a9c7fe9-f199-4b99-80e4-b5d9da319c17",
              "parentUUID": "f1aa874c-e955-48dc-b25d-8b8ffb48c0d3",
              "isHook": false,
              "skipped": false
            }
          ],
          "suites": [],
          "passes": [
            "726e51b1-f2e4-4964-9d8a-d6a04146420e",
            "d43bd7c7-d5aa-4363-b955-a5519a31b363",
            "95f08552-da31-4c2b-bace-52b03a18e09a",
            "296d46e8-b982-486f-bbf6-1f59b5d3882d",
            "ef69ee14-a110-42be-9bc6-6aa23ea3f0f1",
            "7c2b7a95-83ec-41db-9075-5bd016c45582",
            "b1a564fe-3e18-43e1-99b1-baf0daa1e393",
            "a2ec303b-283e-4112-b445-b3e7a7a25294",
            "7003ac92-3bb7-4e59-b070-161106597626",
            "6252026b-00df-4c41-ae79-32cc559b05af",
            "ad7d2925-b734-42a5-82a8-246ac622f75c",
            "df056285-f461-4431-82e4-1a2c3a8503c2",
            "b12708f2-e78d-4f45-b768-2c3a7e3c01ff",
            "240d9d4d-b607-4590-822a-f35aa7e7e7e5",
            "6b50a3ca-f7b0-4112-8a34-ca424c991890",
            "110e2e02-c1bb-4e46-950b-3f026213a7a0",
            "0ff614b7-1db9-4180-a176-3323e40dc929",
            "6e0a1977-d565-4477-b18a-b50b4911df5f",
            "9fbbe137-db87-4903-b6ac-e9f7d86596f0",
            "9942c759-53b1-42e1-a64d-1c4598ba6357",
            "1a9c7fe9-f199-4b99-80e4-b5d9da319c17"
          ],
          "failures": [
            "7a20696d-22a6-4030-babe-efcb6eaf87a6"
          ],
          "pending": [
            "492680a8-9554-4f0d-bf6e-54a19e81fd18",
            "b3c85b60-d6f2-45f0-820a-adcaf808061b"
          ],
          "skipped": [],
          "duration": 7306,
          "root": false,
          "rootEmpty": false,
          "_timeout": 2000
        },
        {
          "uuid": "2ef9c112-c320-4ee5-92e8-1cf8282bbb05",
          "title": "Teste API modeloleiaute (Tipo Arquivo: Posicionamento)",
          "fullFile": "",
          "file": "",
          "beforeHooks": [],
          "afterHooks": [],
          "tests": [
            {
              "title": "POST - Cadastrando um Modelo (Posicionamento) ",
              "fullTitle": "Teste API modeloleiaute (Tipo Arquivo: Posicionamento) POST - Cadastrando um Modelo (Posicionamento) ",
              "timedOut": null,
              "duration": 527,
              "state": "passed",
              "speed": "slow",
              "pass": true,
              "fail": false,
              "pending": false,
              "context": null,
              "code": "cy.request({\n  method: 'POST',\n  url: '/ModeloLeiaute',\n  body: {\n    idEscopo: '012644f1-34c5-452e-a40d-5a3c2fa70d46',\n    nome: 'Modelo SINTEGRA cy',\n    descricao: 'Convênio ICMS cy',\n    tipoArquivo: 'Posicionamento'\n  }\n}).its('status').should('be.equal', 200); // Validar POST\ncy.request({\n  method: 'GET',\n  url: '/ModeloLeiaute'\n}).its('body.retorno').should('not.be.empty');",
              "err": {},
              "uuid": "61882689-82d9-4509-84fe-55d054ee223c",
              "parentUUID": "2ef9c112-c320-4ee5-92e8-1cf8282bbb05",
              "isHook": false,
              "skipped": false
            },
            {
              "title": "POST - Cadastrando um Modelo com um Nome que já existe (Posicionamento) ",
              "fullTitle": "Teste API modeloleiaute (Tipo Arquivo: Posicionamento) POST - Cadastrando um Modelo com um Nome que já existe (Posicionamento) ",
              "timedOut": null,
              "duration": 808,
              "state": "failed",
              "speed": null,
              "pass": false,
              "fail": true,
              "pending": false,
              "context": null,
              "code": "cy.request({\n  method: 'POST',\n  url: '/ModeloLeiaute',\n  body: {\n    idEscopo: '012644f1-34c5-452e-a40d-5a3c2fa70d46',\n    nome: 'Modelo SINTEGRA cy',\n    descricao: 'Convênio ICMS teste cy',\n    tipoArquivo: 'Posicionamento'\n  },\n  failOnStatusCode: false\n}).as('response');\ncy.get('@response').then(function (resposta) {\n  console.log(resposta);\n  expect(resposta.status).to.be.equal(400);\n  expect(resposta.body.errors[\"\"][0]).to.be.equal('Já existe um Modelo Leiaute com o nome especificado');\n});",
              "err": {
                "message": "TypeError: Cannot read property '0' of undefined",
                "estack": "TypeError: Cannot read property '0' of undefined\n    at Context.<anonymous> (https://apigestaoleiauteteste.e-auditoria.com.br/__cypress/tests?p=cypress\\integration\\modeloapi.spec.js-966:509:38)",
                "diff": null
              },
              "uuid": "982d339b-0b73-416e-a2c9-171bb1fae44a",
              "parentUUID": "2ef9c112-c320-4ee5-92e8-1cf8282bbb05",
              "isHook": false,
              "skipped": false
            },
            {
              "title": "POST - Todos os Campo obrigatórios vazios",
              "fullTitle": "Teste API modeloleiaute (Tipo Arquivo: Posicionamento) POST - Todos os Campo obrigatórios vazios",
              "timedOut": null,
              "duration": 314,
              "state": "passed",
              "speed": "slow",
              "pass": true,
              "fail": false,
              "pending": false,
              "context": null,
              "code": "cy.request({\n  method: 'POST',\n  url: '/ModeloLeiaute',\n  body: {\n    idEscopo: '012644f1-34c5-452e-a40d-5a3c2fa70d46',\n    nome: '',\n    descricao: '',\n    tipoArquivo: 'Posicionamento'\n  },\n  failOnStatusCode: false\n}).as('response');\ncy.get('@response').then(function (resposta) {\n  console.log(resposta);\n  expect(resposta.status).to.be.equal(400);\n  expect(resposta.body.errors.Descricao[0]).to.be.equal('O campo de Descrição é obrigatório');\n  expect(resposta.body.errors.Nome[0]).to.be.equal('O campo de Nome é obrigatório');\n});",
              "err": {},
              "uuid": "a638a9ad-c9f2-41b9-9b46-7e04851b02d1",
              "parentUUID": "2ef9c112-c320-4ee5-92e8-1cf8282bbb05",
              "isHook": false,
              "skipped": false
            },
            {
              "title": "POST - Campo Descrição vazio (O campo de Descrição é obrigatório)",
              "fullTitle": "Teste API modeloleiaute (Tipo Arquivo: Posicionamento) POST - Campo Descrição vazio (O campo de Descrição é obrigatório)",
              "timedOut": null,
              "duration": 238,
              "state": "passed",
              "speed": "slow",
              "pass": true,
              "fail": false,
              "pending": false,
              "context": null,
              "code": "cy.request({\n  method: 'POST',\n  url: '/ModeloLeiaute',\n  body: {\n    idEscopo: '012644f1-34c5-452e-a40d-5a3c2fa70d46',\n    nome: 'Modelo SINTEGRA validacao cy',\n    descricao: '',\n    tipoArquivo: 'Posicionamento'\n  },\n  failOnStatusCode: false\n}).as('response');\ncy.get('@response').then(function (resposta) {\n  console.log(resposta);\n  expect(resposta.status).to.be.equal(400);\n  expect(resposta.body.errors.Descricao[0]).to.be.equal('O campo de Descrição é obrigatório');\n});",
              "err": {},
              "uuid": "cc42cf5b-1836-4494-b6a8-058eb29a06cc",
              "parentUUID": "2ef9c112-c320-4ee5-92e8-1cf8282bbb05",
              "isHook": false,
              "skipped": false
            },
            {
              "title": "POST - Campo Nome vazio (O campo de nome é obrigatório)",
              "fullTitle": "Teste API modeloleiaute (Tipo Arquivo: Posicionamento) POST - Campo Nome vazio (O campo de nome é obrigatório)",
              "timedOut": null,
              "duration": 206,
              "state": "passed",
              "speed": "slow",
              "pass": true,
              "fail": false,
              "pending": false,
              "context": null,
              "code": "cy.request({\n  method: 'POST',\n  url: '/ModeloLeiaute',\n  body: {\n    idEscopo: '012644f1-34c5-452e-a40d-5a3c2fa70d46',\n    nome: '',\n    descricao: 'Convênio ICMS validacao cy',\n    tipoArquivo: 'Posicionamento'\n  },\n  failOnStatusCode: false\n}).as('response');\ncy.get('@response').then(function (resposta) {\n  console.log(resposta);\n  expect(resposta.status).to.be.equal(400);\n  expect(resposta.body.errors.Nome[0]).to.be.equal('O campo de Nome é obrigatório');\n});",
              "err": {},
              "uuid": "89affb8f-fd4c-4fb2-bc10-faf8f9fa0040",
              "parentUUID": "2ef9c112-c320-4ee5-92e8-1cf8282bbb05",
              "isHook": false,
              "skipped": false
            },
            {
              "title": "POST - Campo tipoArquivo vazio (O campo de TipoArquivo é obrigatório)",
              "fullTitle": "Teste API modeloleiaute (Tipo Arquivo: Posicionamento) POST - Campo tipoArquivo vazio (O campo de TipoArquivo é obrigatório)",
              "timedOut": null,
              "duration": 226,
              "state": "passed",
              "speed": "slow",
              "pass": true,
              "fail": false,
              "pending": false,
              "context": null,
              "code": "cy.request({\n  method: 'POST',\n  url: '/ModeloLeiaute',\n  body: {\n    idEscopo: '012644f1-34c5-452e-a40d-5a3c2fa70d46',\n    nome: 'Modelo SINTEGRA cy',\n    descricao: 'Convênio ICMS validacao cy'\n  },\n  failOnStatusCode: false\n}).as('response');\ncy.get('@response').then(function (resposta) {\n  console.log(resposta);\n  expect(resposta.status).to.be.equal(400);\n  expect(resposta.body.errors.TipoArquivo[0]).to.be.equal('O campo de TipoArquivo é obrigatório');\n});",
              "err": {},
              "uuid": "fd902437-dff0-4421-9580-9cbcf4fb57c4",
              "parentUUID": "2ef9c112-c320-4ee5-92e8-1cf8282bbb05",
              "isHook": false,
              "skipped": false
            },
            {
              "title": "POST - Campo tipoArquivo inválido (O campo de TipoArquivo é obrigatório)",
              "fullTitle": "Teste API modeloleiaute (Tipo Arquivo: Posicionamento) POST - Campo tipoArquivo inválido (O campo de TipoArquivo é obrigatório)",
              "timedOut": null,
              "duration": 224,
              "state": "passed",
              "speed": "slow",
              "pass": true,
              "fail": false,
              "pending": false,
              "context": null,
              "code": "cy.request({\n  method: 'POST',\n  url: '/ModeloLeiaute',\n  body: {\n    idEscopo: '012644f1-34c5-452e-a40d-5a3c2fa70d46',\n    nome: 'Modelo SINTEGRA cy',\n    descricao: 'Convênio ICMS validacao cy',\n    tipoArquivo: 'Teste'\n  },\n  failOnStatusCode: false\n}).as('response');\ncy.get('@response').then(function (resposta) {\n  console.log(resposta);\n  expect(resposta.status).to.be.equal(400);\n  expect(resposta.body.errors.TipoArquivo[0]).to.be.equal('O campo de TipoArquivo é obrigatório');\n});",
              "err": {},
              "uuid": "518306e3-2093-43fe-ad9c-d59326ce57de",
              "parentUUID": "2ef9c112-c320-4ee5-92e8-1cf8282bbb05",
              "isHook": false,
              "skipped": false
            },
            {
              "title": "POST - Campo configArquivo vazio (Campo NÃO obrigatório)",
              "fullTitle": "Teste API modeloleiaute (Tipo Arquivo: Posicionamento) POST - Campo configArquivo vazio (Campo NÃO obrigatório)",
              "timedOut": null,
              "duration": 244,
              "state": "passed",
              "speed": "slow",
              "pass": true,
              "fail": false,
              "pending": false,
              "context": null,
              "code": "cy.request({\n  method: 'POST',\n  url: '/ModeloLeiaute',\n  body: {\n    idEscopo: '012644f1-34c5-452e-a40d-5a3c2fa70d46',\n    nome: 'Modelo SINTEGRA validacao cy',\n    descricao: 'Convênio ICMS validacao cy',\n    tipoArquivo: 'Posicionamento'\n  },\n  failOnStatusCode: false\n}).as('response');\ncy.get('@response').then(function (resposta) {\n  console.log(resposta);\n  expect(resposta.status).to.be.equal(200);\n});",
              "err": {},
              "uuid": "fb863c49-7ec7-434c-b107-c3d08a14ed84",
              "parentUUID": "2ef9c112-c320-4ee5-92e8-1cf8282bbb05",
              "isHook": false,
              "skipped": false
            },
            {
              "title": "POST - Campo idEscopo vazio (Campo NÃO obrigatório)",
              "fullTitle": "Teste API modeloleiaute (Tipo Arquivo: Posicionamento) POST - Campo idEscopo vazio (Campo NÃO obrigatório)",
              "timedOut": null,
              "duration": 215,
              "state": "passed",
              "speed": "slow",
              "pass": true,
              "fail": false,
              "pending": false,
              "context": null,
              "code": "cy.request({\n  method: 'POST',\n  url: '/ModeloLeiaute',\n  body: {\n    idEscopo: '',\n    nome: 'Modelo SINTEGRA validacao escopo cy',\n    descricao: 'Convênio ICMS validacao cy',\n    tipoArquivo: 'Posicionamento'\n  },\n  failOnStatusCode: false\n}).as('response');\ncy.get('@response').then(function (resposta) {\n  console.log(resposta);\n  expect(resposta.status).to.be.equal(200);\n});",
              "err": {},
              "uuid": "b34a9968-f336-4895-bdb0-c34917afc707",
              "parentUUID": "2ef9c112-c320-4ee5-92e8-1cf8282bbb05",
              "isHook": false,
              "skipped": false
            },
            {
              "title": "POST - Campo configArquivo preenchido (Campo NÃO obrigatório)",
              "fullTitle": "Teste API modeloleiaute (Tipo Arquivo: Posicionamento) POST - Campo configArquivo preenchido (Campo NÃO obrigatório)",
              "timedOut": null,
              "duration": 309,
              "state": "passed",
              "speed": "slow",
              "pass": true,
              "fail": false,
              "pending": false,
              "context": null,
              "code": "cy.request({\n  method: 'POST',\n  url: '/ModeloLeiaute',\n  body: {\n    idEscopo: '012644f1-34c5-452e-a40d-5a3c2fa70d46',\n    nome: 'Modelo SINTEGRA validacao configArquivo cy',\n    descricao: 'Convênio ICMS validacao cy',\n    tipoArquivo: 'Posicionamento',\n    configArquivo: '//'\n  },\n  failOnStatusCode: false\n}).as('response');\ncy.get('@response').then(function (resposta) {\n  console.log(resposta);\n  expect(resposta.status).to.be.equal(200);\n});",
              "err": {},
              "uuid": "fac163ed-7d09-419e-b554-03f739b033da",
              "parentUUID": "2ef9c112-c320-4ee5-92e8-1cf8282bbb05",
              "isHook": false,
              "skipped": false
            },
            {
              "title": "PUT - Alterando (Nome e Descrição) um modelo já cadastrado",
              "fullTitle": "Teste API modeloleiaute (Tipo Arquivo: Posicionamento) PUT - Alterando (Nome e Descrição) um modelo já cadastrado",
              "timedOut": null,
              "duration": 274,
              "state": "passed",
              "speed": "slow",
              "pass": true,
              "fail": false,
              "pending": false,
              "context": null,
              "code": "cy.request({\n  method: 'GET',\n  url: '/ModeloLeiaute',\n  qs: {\n    nome: 'Modelo SINTEGRA cy'\n  }\n}).then(function (resposta) {\n  cy.request({\n    method: 'PUT',\n    url: \"/ModeloLeiaute/\".concat(resposta.body.retorno[0].id),\n    body: {\n      idEscopo: '012644f1-34c5-452e-a40d-5a3c2fa70d46',\n      nome: 'Modelo SINTEGRA alterado pelo cy',\n      descricao: 'Convênio ICMS alterado pelo cy',\n      tipoArquivo: 'Posicionamento'\n    }\n  }).as('response');\n});\ncy.get('@response').its('status').should('be.equal', 200);\ncy.get('@response').its('body.retorno').should('exist');",
              "err": {},
              "uuid": "005586e1-29a5-41b3-8d88-cb14e40f4009",
              "parentUUID": "2ef9c112-c320-4ee5-92e8-1cf8282bbb05",
              "isHook": false,
              "skipped": false
            },
            {
              "title": "PUT - Campo Descrição vazio (O campo de Descrição é obrigatório)",
              "fullTitle": "Teste API modeloleiaute (Tipo Arquivo: Posicionamento) PUT - Campo Descrição vazio (O campo de Descrição é obrigatório)",
              "timedOut": null,
              "duration": 274,
              "state": "passed",
              "speed": "slow",
              "pass": true,
              "fail": false,
              "pending": false,
              "context": null,
              "code": "cy.request({\n  method: 'GET',\n  url: '/ModeloLeiaute',\n  qs: {\n    nome: 'Modelo SINTEGRA alterado pelo cy'\n  }\n}).then(function (resposta) {\n  cy.request({\n    method: 'PUT',\n    url: \"/ModeloLeiaute/\".concat(resposta.body.retorno[0].id),\n    body: {\n      idEscopo: '012644f1-34c5-452e-a40d-5a3c2fa70d46',\n      nome: 'Modelo SINTEGRA alterado pelo cy',\n      descricao: '',\n      tipoArquivo: 'Posicionamento'\n    },\n    failOnStatusCode: false\n  }).as('response');\n});\ncy.get('@response').then(function (resposta) {\n  console.log(resposta);\n  expect(resposta.status).to.be.equal(400);\n  expect(resposta.body.errors.Descricao[0]).to.be.equal('O campo de Descrição é obrigatório');\n});",
              "err": {},
              "uuid": "823f1515-4847-46ca-b296-8a7a6476589a",
              "parentUUID": "2ef9c112-c320-4ee5-92e8-1cf8282bbb05",
              "isHook": false,
              "skipped": false
            },
            {
              "title": "PUT - Campo Nome vazio (O campo de Nome é obrigatório)",
              "fullTitle": "Teste API modeloleiaute (Tipo Arquivo: Posicionamento) PUT - Campo Nome vazio (O campo de Nome é obrigatório)",
              "timedOut": null,
              "duration": 354,
              "state": "passed",
              "speed": "slow",
              "pass": true,
              "fail": false,
              "pending": false,
              "context": null,
              "code": "cy.request({\n  method: 'GET',\n  url: '/ModeloLeiaute',\n  qs: {\n    nome: 'Modelo SINTEGRA alterado pelo cy'\n  }\n}).then(function (resposta) {\n  cy.request({\n    method: 'PUT',\n    url: \"/ModeloLeiaute/\".concat(resposta.body.retorno[0].id),\n    body: {\n      idEscopo: '012644f1-34c5-452e-a40d-5a3c2fa70d46',\n      nome: '',\n      descricao: 'Convênio ICMS alterado pelo cy',\n      tipoArquivo: 'Posicionamento'\n    },\n    failOnStatusCode: false\n  }).as('response');\n});\ncy.get('@response').then(function (resposta) {\n  console.log(resposta);\n  expect(resposta.status).to.be.equal(400);\n  expect(resposta.body.errors.Nome[0]).to.be.equal('O campo de Nome é obrigatório');\n});",
              "err": {},
              "uuid": "aec6c307-d4bd-45b6-8e6e-c3ec66d6dd49",
              "parentUUID": "2ef9c112-c320-4ee5-92e8-1cf8282bbb05",
              "isHook": false,
              "skipped": false
            },
            {
              "title": "PUT - Campo tipoArquivo vazio (O campo de TipoArquivo é obrigatório)",
              "fullTitle": "Teste API modeloleiaute (Tipo Arquivo: Posicionamento) PUT - Campo tipoArquivo vazio (O campo de TipoArquivo é obrigatório)",
              "timedOut": null,
              "duration": 340,
              "state": "passed",
              "speed": "slow",
              "pass": true,
              "fail": false,
              "pending": false,
              "context": null,
              "code": "cy.request({\n  method: 'GET',\n  url: '/ModeloLeiaute',\n  qs: {\n    nome: 'Modelo SINTEGRA alterado pelo cy'\n  }\n}).then(function (resposta) {\n  cy.request({\n    method: 'PUT',\n    url: \"/ModeloLeiaute/\".concat(resposta.body.retorno[0].id),\n    body: {\n      idEscopo: '012644f1-34c5-452e-a40d-5a3c2fa70d46',\n      nome: 'Modelo SINTEGRA alterado pelo cy',\n      descricao: 'Convênio ICMS alterado pelo cy'\n    },\n    failOnStatusCode: false\n  }).as('response');\n});\ncy.get('@response').then(function (resposta) {\n  console.log(resposta);\n  expect(resposta.status).to.be.equal(400);\n  expect(resposta.body.errors.TipoArquivo[0]).to.be.equal('O campo de TipoArquivo é obrigatório');\n});",
              "err": {},
              "uuid": "57948cbb-fac7-476d-8cc7-2e6fb51879ec",
              "parentUUID": "2ef9c112-c320-4ee5-92e8-1cf8282bbb05",
              "isHook": false,
              "skipped": false
            },
            {
              "title": "PUT - Campo idEscopo vazio. Campo NÃO obrigatório",
              "fullTitle": "Teste API modeloleiaute (Tipo Arquivo: Posicionamento) PUT - Campo idEscopo vazio. Campo NÃO obrigatório",
              "timedOut": null,
              "duration": 254,
              "state": "passed",
              "speed": "slow",
              "pass": true,
              "fail": false,
              "pending": false,
              "context": null,
              "code": "cy.request({\n  method: 'GET',\n  url: '/ModeloLeiaute',\n  qs: {\n    nome: 'Modelo SINTEGRA alterado pelo cy'\n  }\n}).then(function (resposta) {\n  cy.request({\n    method: 'PUT',\n    url: \"/ModeloLeiaute/\".concat(resposta.body.retorno[0].id),\n    body: {\n      idEscopo: '',\n      nome: 'Modelo SINTEGRA alterado pelo cy',\n      descricao: 'Convênio ICMS alterado pelo cy',\n      tipoArquivo: 'Posicionamento'\n    },\n    failOnStatusCode: false\n  }).as('response');\n});\ncy.get('@response').then(function (resposta) {\n  console.log(resposta);\n  expect(resposta.status).to.be.equal(200); //expect(resposta.body.errors.idEscopo[0]).to.be.equal('O campo de idEscopo é obrigatório')\n});",
              "err": {},
              "uuid": "4917d204-8c24-44a1-bc4b-aa6ab352255b",
              "parentUUID": "2ef9c112-c320-4ee5-92e8-1cf8282bbb05",
              "isHook": false,
              "skipped": false
            },
            {
              "title": "DELETE - Cadastro de modelo",
              "fullTitle": "Teste API modeloleiaute (Tipo Arquivo: Posicionamento) DELETE - Cadastro de modelo",
              "timedOut": null,
              "duration": 288,
              "state": "passed",
              "speed": "slow",
              "pass": true,
              "fail": false,
              "pending": false,
              "context": null,
              "code": "cy.request({\n  method: 'GET',\n  url: '/ModeloLeiaute',\n  qs: {\n    nome: 'Modelo SINTEGRA alterado pelo cy'\n  }\n}).then(function (resposta) {\n  cy.request({\n    method: 'DELETE',\n    url: \"/ModeloLeiaute/\".concat(resposta.body.retorno[0].id)\n  }).its('status').should('be.equal', 200);\n});",
              "err": {},
              "uuid": "e24f32b3-6a32-41e9-a720-d5758b33499e",
              "parentUUID": "2ef9c112-c320-4ee5-92e8-1cf8282bbb05",
              "isHook": false,
              "skipped": false
            },
            {
              "title": "GET - Validando se modelo foi removido",
              "fullTitle": "Teste API modeloleiaute (Tipo Arquivo: Posicionamento) GET - Validando se modelo foi removido",
              "timedOut": null,
              "duration": 269,
              "state": "passed",
              "speed": "slow",
              "pass": true,
              "fail": false,
              "pending": false,
              "context": null,
              "code": "cy.request({\n  method: 'GET',\n  url: '/ModeloLeiaute'\n}).then(function (resposta) {\n  var nomeModelo = null;\n  resposta.body.retorno.forEach(function (c) {\n    if (c.nome === 'Modelo SINTEGRA alterado pelo cy') nomeModelo = c.nome;\n  });\n  expect(nomeModelo).not.be.equal('Modelo SINTEGRA alterado pelo cy');\n});",
              "err": {},
              "uuid": "4ab9289e-ffa0-43fe-90c2-140352e9d5e8",
              "parentUUID": "2ef9c112-c320-4ee5-92e8-1cf8282bbb05",
              "isHook": false,
              "skipped": false
            },
            {
              "title": "DELETE - Cadastro de modelo com configArquivo vazio",
              "fullTitle": "Teste API modeloleiaute (Tipo Arquivo: Posicionamento) DELETE - Cadastro de modelo com configArquivo vazio",
              "timedOut": null,
              "duration": 306,
              "state": "passed",
              "speed": "slow",
              "pass": true,
              "fail": false,
              "pending": false,
              "context": null,
              "code": "cy.request({\n  method: 'GET',\n  url: '/ModeloLeiaute',\n  qs: {\n    nome: 'Modelo SINTEGRA validacao cy'\n  }\n}).then(function (resposta) {\n  cy.request({\n    method: 'DELETE',\n    url: \"/ModeloLeiaute/\".concat(resposta.body.retorno[0].id)\n  }).its('status').should('be.equal', 200);\n});",
              "err": {},
              "uuid": "e6c4cb27-7209-4cca-b20b-025061d07672",
              "parentUUID": "2ef9c112-c320-4ee5-92e8-1cf8282bbb05",
              "isHook": false,
              "skipped": false
            },
            {
              "title": "DELETE - Cadastro de modelo com idEscopo vazio",
              "fullTitle": "Teste API modeloleiaute (Tipo Arquivo: Posicionamento) DELETE - Cadastro de modelo com idEscopo vazio",
              "timedOut": null,
              "duration": 283,
              "state": "passed",
              "speed": "slow",
              "pass": true,
              "fail": false,
              "pending": false,
              "context": null,
              "code": "cy.request({\n  method: 'GET',\n  url: '/ModeloLeiaute',\n  qs: {\n    nome: 'Modelo SINTEGRA validacao escopo cy'\n  }\n}).then(function (resposta) {\n  cy.request({\n    method: 'DELETE',\n    url: \"/ModeloLeiaute/\".concat(resposta.body.retorno[0].id)\n  }).its('status').should('be.equal', 200);\n});",
              "err": {},
              "uuid": "db541bc5-ddec-402a-a9c3-f440d369728c",
              "parentUUID": "2ef9c112-c320-4ee5-92e8-1cf8282bbb05",
              "isHook": false,
              "skipped": false
            },
            {
              "title": "DELETE - Cadastro de modelo com configArquivo preenchido",
              "fullTitle": "Teste API modeloleiaute (Tipo Arquivo: Posicionamento) DELETE - Cadastro de modelo com configArquivo preenchido",
              "timedOut": null,
              "duration": 337,
              "state": "passed",
              "speed": "slow",
              "pass": true,
              "fail": false,
              "pending": false,
              "context": null,
              "code": "cy.request({\n  method: 'GET',\n  url: '/ModeloLeiaute',\n  qs: {\n    nome: 'Modelo SINTEGRA validacao configArquivo cy'\n  }\n}).then(function (resposta) {\n  cy.request({\n    method: 'DELETE',\n    url: \"/ModeloLeiaute/\".concat(resposta.body.retorno[0].id)\n  }).its('status').should('be.equal', 200);\n});",
              "err": {},
              "uuid": "b6555b10-a4a8-4bf2-989f-0bb417fa7fd7",
              "parentUUID": "2ef9c112-c320-4ee5-92e8-1cf8282bbb05",
              "isHook": false,
              "skipped": false
            }
          ],
          "suites": [],
          "passes": [
            "61882689-82d9-4509-84fe-55d054ee223c",
            "a638a9ad-c9f2-41b9-9b46-7e04851b02d1",
            "cc42cf5b-1836-4494-b6a8-058eb29a06cc",
            "89affb8f-fd4c-4fb2-bc10-faf8f9fa0040",
            "fd902437-dff0-4421-9580-9cbcf4fb57c4",
            "518306e3-2093-43fe-ad9c-d59326ce57de",
            "fb863c49-7ec7-434c-b107-c3d08a14ed84",
            "b34a9968-f336-4895-bdb0-c34917afc707",
            "fac163ed-7d09-419e-b554-03f739b033da",
            "005586e1-29a5-41b3-8d88-cb14e40f4009",
            "823f1515-4847-46ca-b296-8a7a6476589a",
            "aec6c307-d4bd-45b6-8e6e-c3ec66d6dd49",
            "57948cbb-fac7-476d-8cc7-2e6fb51879ec",
            "4917d204-8c24-44a1-bc4b-aa6ab352255b",
            "e24f32b3-6a32-41e9-a720-d5758b33499e",
            "4ab9289e-ffa0-43fe-90c2-140352e9d5e8",
            "e6c4cb27-7209-4cca-b20b-025061d07672",
            "db541bc5-ddec-402a-a9c3-f440d369728c",
            "b6555b10-a4a8-4bf2-989f-0bb417fa7fd7"
          ],
          "failures": [
            "982d339b-0b73-416e-a2c9-171bb1fae44a"
          ],
          "pending": [],
          "skipped": [],
          "duration": 6290,
          "root": false,
          "rootEmpty": false,
          "_timeout": 2000
        },
        {
          "uuid": "84cb0f35-c4d7-44a9-8fc2-1402d1b0731e",
          "title": "Teste API modeloleiaute (Filtros)",
          "fullFile": "",
          "file": "",
          "beforeHooks": [],
          "afterHooks": [],
          "tests": [
            {
              "title": "GET: [Termo] - (Listar todos) Filtrar modelos pelo Nome = ECF",
              "fullTitle": "Teste API modeloleiaute (Filtros) GET: [Termo] - (Listar todos) Filtrar modelos pelo Nome = ECF",
              "timedOut": null,
              "duration": 441,
              "state": "passed",
              "speed": "slow",
              "pass": true,
              "fail": false,
              "pending": false,
              "context": null,
              "code": "cy.request({\n  method: 'GET',\n  url: '/ModeloLeiaute',\n  qs: {\n    Termo: 'ECF'\n  }\n}).then(function (resposta) {\n  var termoNomeModelo = null;\n  resposta.body.retorno.forEach(function (c) {\n    if (c.termo === 'ECF') termoNomeModelo = c.termo;\n  });\n  expect(resposta.body.retorno[0].nome).to.contain('ECF');\n});",
              "err": {},
              "uuid": "16f18972-d4ff-4f01-b55a-4db767907a73",
              "parentUUID": "84cb0f35-c4d7-44a9-8fc2-1402d1b0731e",
              "isHook": false,
              "skipped": false
            },
            {
              "title": "GET: [Termo] - (Listar todos) Filtrar modelos pela Descricao = PIS/Pasep",
              "fullTitle": "Teste API modeloleiaute (Filtros) GET: [Termo] - (Listar todos) Filtrar modelos pela Descricao = PIS/Pasep",
              "timedOut": null,
              "duration": 209,
              "state": "passed",
              "speed": "slow",
              "pass": true,
              "fail": false,
              "pending": false,
              "context": null,
              "code": "cy.request({\n  method: 'GET',\n  url: '/ModeloLeiaute',\n  qs: {\n    Termo: 'PIS/Pasep'\n  }\n}).then(function (resposta) {\n  var termoDescricaoModelo = null;\n  resposta.body.retorno.forEach(function (c) {\n    if (c.termo === 'PIS/Pasep') termoDescricaoModelo = c.termo;\n  });\n  console.log(resposta);\n  expect(resposta.body.retorno[0].descricao).to.contain('PIS/Pasep');\n});",
              "err": {},
              "uuid": "9d9b9e9e-bbc6-49d7-a849-4c597057cf6c",
              "parentUUID": "84cb0f35-c4d7-44a9-8fc2-1402d1b0731e",
              "isHook": false,
              "skipped": false
            },
            {
              "title": "GET - (Listar todos) Filtrar modelos pelo Nome (Parte do nome)",
              "fullTitle": "Teste API modeloleiaute (Filtros) GET - (Listar todos) Filtrar modelos pelo Nome (Parte do nome)",
              "timedOut": null,
              "duration": 174,
              "state": "passed",
              "speed": "slow",
              "pass": true,
              "fail": false,
              "pending": false,
              "context": null,
              "code": "cy.request({\n  method: 'GET',\n  url: '/ModeloLeiaute',\n  qs: {\n    nome: 'SINTEGRA'\n  }\n}).then(function (resposta) {\n  var tipoArquivoModelo = null;\n  resposta.body.retorno.forEach(function (c) {\n    if (c.tipoA === 'SINTEGRA') tipoArquivoModelo = c.tipoA;\n  });\n  console.log(resposta);\n  expect(resposta.body.retorno[0].nome).to.contain('SINTEGRA');\n});",
              "err": {},
              "uuid": "cb97442e-7624-4a5f-8918-aa7b6c669736",
              "parentUUID": "84cb0f35-c4d7-44a9-8fc2-1402d1b0731e",
              "isHook": false,
              "skipped": false
            },
            {
              "title": "GET - (Listar todos) Filtrar modelos pelo Tipo = Sistema",
              "fullTitle": "Teste API modeloleiaute (Filtros) GET - (Listar todos) Filtrar modelos pelo Tipo = Sistema",
              "timedOut": null,
              "duration": 284,
              "state": "passed",
              "speed": "slow",
              "pass": true,
              "fail": false,
              "pending": false,
              "context": null,
              "code": "cy.request({\n  method: 'GET',\n  url: '/ModeloLeiaute',\n  qs: {\n    Tipo: 'Sistema'\n  }\n}).then(function (resposta) {\n  var tipoModelo = null;\n  resposta.body.retorno.forEach(function (c) {\n    if (c.tipo === 'Sistema') tipoModelo = c.tipo;\n  });\n  expect(tipoModelo).to.be.equal('Sistema');\n});",
              "err": {},
              "uuid": "e543a66d-d564-46f0-b04a-3cee2e9706a3",
              "parentUUID": "84cb0f35-c4d7-44a9-8fc2-1402d1b0731e",
              "isHook": false,
              "skipped": false
            },
            {
              "title": "GET - (Listar todos) Filtrar modelos pelo tipoArquivo = Posicionamento",
              "fullTitle": "Teste API modeloleiaute (Filtros) GET - (Listar todos) Filtrar modelos pelo tipoArquivo = Posicionamento",
              "timedOut": null,
              "duration": 232,
              "state": "passed",
              "speed": "slow",
              "pass": true,
              "fail": false,
              "pending": false,
              "context": null,
              "code": "cy.request({\n  method: 'GET',\n  url: '/ModeloLeiaute',\n  qs: {\n    tiposArquivos: 'Posicionamento'\n  }\n}).then(function (resposta) {\n  var tipoArquivoModelo = null;\n  resposta.body.retorno.forEach(function (c) {\n    if (c.tipoArquivo === 'Posicionamento') tipoArquivoModelo = c.tipoArquivo;\n  });\n  console.log(resposta.body.retorno[0].tipoArquivo);\n  expect(resposta.body.retorno[0].tipoArquivo).to.contain('Posicionamento');\n});",
              "err": {},
              "uuid": "9bac6324-1986-4997-a6a3-c63f61de7459",
              "parentUUID": "84cb0f35-c4d7-44a9-8fc2-1402d1b0731e",
              "isHook": false,
              "skipped": false
            },
            {
              "title": "GET - (Listar todos) Filtrar modelos pelo tipoArquivo = Separador",
              "fullTitle": "Teste API modeloleiaute (Filtros) GET - (Listar todos) Filtrar modelos pelo tipoArquivo = Separador",
              "timedOut": null,
              "duration": 170,
              "state": "passed",
              "speed": "slow",
              "pass": true,
              "fail": false,
              "pending": false,
              "context": null,
              "code": "cy.request({\n  method: 'GET',\n  url: '/ModeloLeiaute',\n  qs: {\n    tipoArquivo: 'Separador'\n  }\n}).then(function (resposta) {\n  var tipoArquivoModelo = null;\n  resposta.body.retorno.forEach(function (c) {\n    if (c.tipoA === 'Separador') tipoArquivoModelo = c.tipoA;\n  });\n  console.log(resposta);\n  expect(resposta.body.retorno[0].tipoArquivo).to.be.equal('Separador');\n});",
              "err": {},
              "uuid": "e0af57e7-7402-45b2-ad33-257c2cdea624",
              "parentUUID": "84cb0f35-c4d7-44a9-8fc2-1402d1b0731e",
              "isHook": false,
              "skipped": false
            },
            {
              "title": "GET - (Listar todos) Quando não existir registros correspondentes com a busca",
              "fullTitle": "Teste API modeloleiaute (Filtros) GET - (Listar todos) Quando não existir registros correspondentes com a busca",
              "timedOut": null,
              "duration": 199,
              "state": "passed",
              "speed": "slow",
              "pass": true,
              "fail": false,
              "pending": false,
              "context": null,
              "code": "cy.request({\n  method: 'GET',\n  url: '/ModeloLeiaute',\n  qs: {\n    nome: 'casa'\n  }\n}).then(function (resposta) {\n  var tipoArquivoModelo = null;\n  resposta.body.retorno.forEach(function (c) {\n    if (c.tipoA === 'casa') tipoArquivoModelo = c.tipoA;\n  });\n  console.log(resposta);\n  expect(resposta.body.paginacao.totalPorPagina).to.be.equal(0);\n});",
              "err": {},
              "uuid": "d1b70145-34b3-49a0-9f5d-895f08529d75",
              "parentUUID": "84cb0f35-c4d7-44a9-8fc2-1402d1b0731e",
              "isHook": false,
              "skipped": false
            },
            {
              "title": "GET - (Listar todos) Filtrar modelos pelo idEscopo",
              "fullTitle": "Teste API modeloleiaute (Filtros) GET - (Listar todos) Filtrar modelos pelo idEscopo",
              "timedOut": null,
              "duration": 877,
              "state": "failed",
              "speed": null,
              "pass": false,
              "fail": true,
              "pending": false,
              "context": null,
              "code": "cy.request({\n  method: 'GET',\n  url: '/ModeloLeiaute',\n  qs: {\n    IdsEscopos: \"e42e933a-3332-4c51-acd4-6c6c274975a0\"\n  }\n}).then(function (resposta) {\n  var idEscopoModelo = null;\n  resposta.body.retorno.forEach(function (c) {\n    if (c.idE === \"e42e933a-3332-4c51-acd4-6c6c274975a0\") idEscopoModelo = c.idE;\n  });\n  console.log(resposta.body.retorno[0].idEscopo);\n  expect(resposta.body.retorno[0].idEscopo).to.be.equal(\"e42e933a-3332-4c51-acd4-6c6c274975a0\");\n});",
              "err": {
                "message": "AssertionError: expected undefined to equal 'e42e933a-3332-4c51-acd4-6c6c274975a0'",
                "estack": "AssertionError: expected undefined to equal 'e42e933a-3332-4c51-acd4-6c6c274975a0'\n    at getRet (https://apigestaoleiauteteste.e-auditoria.com.br/__cypress/runner/cypress_runner.js:69279:16)\n    at tryCatcher (https://apigestaoleiauteteste.e-auditoria.com.br/__cypress/runner/cypress_runner.js:120203:23)\n    at Function.Promise.attempt.Promise.try (https://apigestaoleiauteteste.e-auditoria.com.br/__cypress/runner/cypress_runner.js:117478:29)\n    at Context.thenFn (https://apigestaoleiauteteste.e-auditoria.com.br/__cypress/runner/cypress_runner.js:69293:23)\n    at Context.then (https://apigestaoleiauteteste.e-auditoria.com.br/__cypress/runner/cypress_runner.js:69660:21)\n    at Context.<anonymous> (https://apigestaoleiauteteste.e-auditoria.com.br/__cypress/runner/cypress_runner.js:81414:21)\n    at https://apigestaoleiauteteste.e-auditoria.com.br/__cypress/runner/cypress_runner.js:80892:33\n    at tryCatcher (https://apigestaoleiauteteste.e-auditoria.com.br/__cypress/runner/cypress_runner.js:120203:23)\n    at Promise._settlePromiseFromHandler (https://apigestaoleiauteteste.e-auditoria.com.br/__cypress/runner/cypress_runner.js:118139:31)\n    at Promise._settlePromise (https://apigestaoleiauteteste.e-auditoria.com.br/__cypress/runner/cypress_runner.js:118196:18)\n    at Promise._settlePromiseCtx (https://apigestaoleiauteteste.e-auditoria.com.br/__cypress/runner/cypress_runner.js:118233:10)\n    at Async../node_modules/bluebird/js/release/async.js.Async._drainQueue (https://apigestaoleiauteteste.e-auditoria.com.br/__cypress/runner/cypress_runner.js:114933:12)\n    at Async../node_modules/bluebird/js/release/async.js.Async._drainQueues (https://apigestaoleiauteteste.e-auditoria.com.br/__cypress/runner/cypress_runner.js:114938:10)\n    at Async.drainQueues (https://apigestaoleiauteteste.e-auditoria.com.br/__cypress/runner/cypress_runner.js:114812:14)",
                "diff": null
              },
              "uuid": "cec44596-a0a7-4798-857b-c0a34b8f8c81",
              "parentUUID": "84cb0f35-c4d7-44a9-8fc2-1402d1b0731e",
              "isHook": false,
              "skipped": false
            },
            {
              "title": "GET - Listar todos) Aplicar Filtro ordenando por Nome (desc)",
              "fullTitle": "Teste API modeloleiaute (Filtros) GET - Listar todos) Aplicar Filtro ordenando por Nome (desc)",
              "timedOut": null,
              "duration": 637,
              "state": "passed",
              "speed": "slow",
              "pass": true,
              "fail": false,
              "pending": false,
              "context": null,
              "code": "//Populando modelos para o teste\ncy.request({\n  method: 'POST',\n  url: '/ModeloLeiaute',\n  body: {\n    idEscopo: '012644f1-34c5-452e-a40d-5a3c2fa70d46',\n    nome: 'AA Modelo SINTEGRA cy',\n    descricao: 'AA Convênio ICMS cy',\n    tipoArquivo: 'Posicionamento'\n  }\n}).its('status').should('be.equal', 200);\ncy.request({\n  method: 'POST',\n  url: '/ModeloLeiaute',\n  body: {\n    idEscopo: '012644f1-34c5-452e-a40d-5a3c2fa70d46',\n    nome: 'ZZ Modelo SINTEGRA cy',\n    descricao: 'ZZ Convênio ICMS cy',\n    tipoArquivo: 'Posicionamento'\n  }\n}).its('status').should('be.equal', 200);\ncy.request({\n  method: 'GET',\n  url: '/ModeloLeiaute',\n  qs: {\n    Ordenacao: \"nome desc\"\n  }\n}).then(function (resposta) {\n  console.log(resposta.body.retorno[0].nome);\n  expect(resposta.body.retorno[0].nome).to.contain(\"ZZ\");\n});",
              "err": {},
              "uuid": "aa8f8594-2660-4555-8eb5-eaae222a2651",
              "parentUUID": "84cb0f35-c4d7-44a9-8fc2-1402d1b0731e",
              "isHook": false,
              "skipped": false
            },
            {
              "title": "GET - Listar todos) Aplicar Filtro ordenando por Nome (asc)",
              "fullTitle": "Teste API modeloleiaute (Filtros) GET - Listar todos) Aplicar Filtro ordenando por Nome (asc)",
              "timedOut": null,
              "duration": 193,
              "state": "passed",
              "speed": "slow",
              "pass": true,
              "fail": false,
              "pending": false,
              "context": null,
              "code": "cy.request({\n  method: 'GET',\n  url: '/ModeloLeiaute',\n  qs: {\n    Ordenacao: \"nome asc\"\n  }\n}).then(function (resposta) {\n  console.log(resposta.body.retorno[0].nome);\n  expect(resposta.body.retorno[0].nome).to.contain(\"AA\");\n});",
              "err": {},
              "uuid": "8d9b032a-6383-410b-91e8-bf85d4fdfc39",
              "parentUUID": "84cb0f35-c4d7-44a9-8fc2-1402d1b0731e",
              "isHook": false,
              "skipped": false
            },
            {
              "title": "GET - Listar todos) Aplicar Filtro ordenando por Descrição (desc)",
              "fullTitle": "Teste API modeloleiaute (Filtros) GET - Listar todos) Aplicar Filtro ordenando por Descrição (desc)",
              "timedOut": null,
              "duration": 253,
              "state": "passed",
              "speed": "slow",
              "pass": true,
              "fail": false,
              "pending": false,
              "context": null,
              "code": "cy.request({\n  method: 'GET',\n  url: '/ModeloLeiaute',\n  qs: {\n    Ordenacao: \"descricao desc\"\n  }\n}).then(function (resposta) {\n  console.log(resposta.body.retorno[0].descricao);\n  expect(resposta.body.retorno[0].descricao).to.contain(\"ZZ\");\n});",
              "err": {},
              "uuid": "d1d1178e-40d5-431d-98c8-1560a98afb20",
              "parentUUID": "84cb0f35-c4d7-44a9-8fc2-1402d1b0731e",
              "isHook": false,
              "skipped": false
            },
            {
              "title": "GET - Listar todos) Aplicar Filtro ordenando por Descrição (desc)",
              "fullTitle": "Teste API modeloleiaute (Filtros) GET - Listar todos) Aplicar Filtro ordenando por Descrição (desc)",
              "timedOut": null,
              "duration": 217,
              "state": "passed",
              "speed": "slow",
              "pass": true,
              "fail": false,
              "pending": false,
              "context": null,
              "code": "cy.request({\n  method: 'GET',\n  url: '/ModeloLeiaute',\n  qs: {\n    Ordenacao: \"descricao desc\"\n  }\n}).then(function (resposta) {\n  console.log(resposta.body.retorno[0].descricao);\n  expect(resposta.body.retorno[0].descricao).to.contain(\"ZZ\");\n});",
              "err": {},
              "uuid": "1474dd27-715e-41ae-804a-474d8b0e90b1",
              "parentUUID": "84cb0f35-c4d7-44a9-8fc2-1402d1b0731e",
              "isHook": false,
              "skipped": false
            },
            {
              "title": "GET - Listar todos) Aplicar Filtro ordenando por Descrição (asc)",
              "fullTitle": "Teste API modeloleiaute (Filtros) GET - Listar todos) Aplicar Filtro ordenando por Descrição (asc)",
              "timedOut": null,
              "duration": 188,
              "state": "passed",
              "speed": "slow",
              "pass": true,
              "fail": false,
              "pending": false,
              "context": null,
              "code": "cy.request({\n  method: 'GET',\n  url: '/ModeloLeiaute',\n  qs: {\n    Ordenacao: \"descricao asc\"\n  }\n}).then(function (resposta) {\n  console.log(resposta.body.retorno[0].descricao);\n  expect(resposta.body.retorno[0].descricao).to.contain(\"AA\");\n});",
              "err": {},
              "uuid": "d0c4a7d1-cfee-45bd-9106-6c4f7db3eab6",
              "parentUUID": "84cb0f35-c4d7-44a9-8fc2-1402d1b0731e",
              "isHook": false,
              "skipped": false
            },
            {
              "title": "GET - Listar todos) Aplicar Filtro ordenando por Tipo de arquivo (desc)",
              "fullTitle": "Teste API modeloleiaute (Filtros) GET - Listar todos) Aplicar Filtro ordenando por Tipo de arquivo (desc)",
              "timedOut": null,
              "duration": 185,
              "state": "passed",
              "speed": "slow",
              "pass": true,
              "fail": false,
              "pending": false,
              "context": null,
              "code": "cy.request({\n  method: 'GET',\n  url: '/ModeloLeiaute',\n  qs: {\n    Ordenacao: \"TipoArquivo desc\"\n  }\n}).then(function (resposta) {\n  console.log(resposta.body.retorno[0].descricao);\n  expect(resposta.body.retorno[0].tipoArquivo).to.contain(\"Separador\");\n});",
              "err": {},
              "uuid": "08a4b10e-da8f-47ce-a132-38904c21c872",
              "parentUUID": "84cb0f35-c4d7-44a9-8fc2-1402d1b0731e",
              "isHook": false,
              "skipped": false
            },
            {
              "title": "GET - Listar todos) Aplicar Filtro ordenando por Tipo de arquivo (asc)",
              "fullTitle": "Teste API modeloleiaute (Filtros) GET - Listar todos) Aplicar Filtro ordenando por Tipo de arquivo (asc)",
              "timedOut": null,
              "duration": 242,
              "state": "passed",
              "speed": "slow",
              "pass": true,
              "fail": false,
              "pending": false,
              "context": null,
              "code": "cy.request({\n  method: 'GET',\n  url: '/ModeloLeiaute',\n  qs: {\n    Ordenacao: \"TipoArquivo asc\"\n  }\n}).then(function (resposta) {\n  console.log(resposta.body.retorno[0].descricao);\n  expect(resposta.body.retorno[0].tipoArquivo).to.contain(\"Posicionamento\");\n});",
              "err": {},
              "uuid": "9b3ff967-06e4-44dd-b4f2-908fe4660441",
              "parentUUID": "84cb0f35-c4d7-44a9-8fc2-1402d1b0731e",
              "isHook": false,
              "skipped": false
            },
            {
              "title": "DELETE - Removendo o Modelo utilizado nos testes de ordenação",
              "fullTitle": "Teste API modeloleiaute (Filtros) DELETE - Removendo o Modelo utilizado nos testes de ordenação",
              "timedOut": null,
              "duration": 663,
              "state": "passed",
              "speed": "slow",
              "pass": true,
              "fail": false,
              "pending": false,
              "context": null,
              "code": "//apagando o primeiro modelo\ncy.request({\n  method: 'GET',\n  url: '/ModeloLeiaute',\n  qs: {\n    nome: 'AA Modelo SINTEGRA cy'\n  }\n}).then(function (resposta) {\n  cy.request({\n    method: 'DELETE',\n    url: \"/ModeloLeiaute/\".concat(resposta.body.retorno[0].id)\n  }).its('status').should('be.equal', 200);\n}); //apagando o segundo modelo\ncy.request({\n  method: 'GET',\n  url: '/ModeloLeiaute',\n  qs: {\n    nome: 'ZZ Modelo SINTEGRA cy'\n  }\n}).then(function (resposta) {\n  cy.request({\n    method: 'DELETE',\n    url: \"/ModeloLeiaute/\".concat(resposta.body.retorno[0].id)\n  }).its('status').should('be.equal', 200);\n});",
              "err": {},
              "uuid": "5b3b5196-0b91-4ce8-8a13-3e3754d2bf2a",
              "parentUUID": "84cb0f35-c4d7-44a9-8fc2-1402d1b0731e",
              "isHook": false,
              "skipped": false
            }
          ],
          "suites": [],
          "passes": [
            "16f18972-d4ff-4f01-b55a-4db767907a73",
            "9d9b9e9e-bbc6-49d7-a849-4c597057cf6c",
            "cb97442e-7624-4a5f-8918-aa7b6c669736",
            "e543a66d-d564-46f0-b04a-3cee2e9706a3",
            "9bac6324-1986-4997-a6a3-c63f61de7459",
            "e0af57e7-7402-45b2-ad33-257c2cdea624",
            "d1b70145-34b3-49a0-9f5d-895f08529d75",
            "aa8f8594-2660-4555-8eb5-eaae222a2651",
            "8d9b032a-6383-410b-91e8-bf85d4fdfc39",
            "d1d1178e-40d5-431d-98c8-1560a98afb20",
            "1474dd27-715e-41ae-804a-474d8b0e90b1",
            "d0c4a7d1-cfee-45bd-9106-6c4f7db3eab6",
            "08a4b10e-da8f-47ce-a132-38904c21c872",
            "9b3ff967-06e4-44dd-b4f2-908fe4660441",
            "5b3b5196-0b91-4ce8-8a13-3e3754d2bf2a"
          ],
          "failures": [
            "cec44596-a0a7-4798-857b-c0a34b8f8c81"
          ],
          "pending": [],
          "skipped": [],
          "duration": 5164,
          "root": false,
          "rootEmpty": false,
          "_timeout": 2000
        },
        {
          "uuid": "78e3b1be-676b-4f83-aa61-78e3a84bd98c",
          "title": "Teste API modeloleiaute (Limite de caracteres)",
          "fullFile": "",
          "file": "",
          "beforeHooks": [],
          "afterHooks": [],
          "tests": [
            {
              "title": "POST - Limite de caracteres - Nome [50]",
              "fullTitle": "Teste API modeloleiaute (Limite de caracteres) POST - Limite de caracteres - Nome [50]",
              "timedOut": null,
              "duration": 297,
              "state": "passed",
              "speed": "slow",
              "pass": true,
              "fail": false,
              "pending": false,
              "context": null,
              "code": "cy.request({\n  method: 'POST',\n  url: '/ModeloLeiaute',\n  body: {\n    idEscopo: '012644f1-34c5-452e-a40d-5a3c2fa70d46',\n    nome: 'Modelo ECD alterado cy. Este manual visa a orientar a execução dos serviços',\n    descricao: 'Escrituração Contábil Digital Validacao cy',\n    tipoArquivo: 'Separador',\n    configArquivo: '||'\n  },\n  failOnStatusCode: false\n}).as('response');\ncy.get('@response').then(function (resposta) {\n  console.log(resposta);\n  expect(resposta.status).to.be.equal(400);\n  expect(resposta.body.errors.Nome[0]).to.be.equal('O campo deve ter no máximo 50 caracteres');\n});",
              "err": {},
              "uuid": "d221f3b4-2b36-4d5f-af5e-1c97006ccee5",
              "parentUUID": "78e3b1be-676b-4f83-aa61-78e3a84bd98c",
              "isHook": false,
              "skipped": false
            },
            {
              "title": "POST - Limite de caracteres - Descrição [150]",
              "fullTitle": "Teste API modeloleiaute (Limite de caracteres) POST - Limite de caracteres - Descrição [150]",
              "timedOut": null,
              "duration": 222,
              "state": "passed",
              "speed": "slow",
              "pass": true,
              "fail": false,
              "pending": false,
              "context": null,
              "code": "cy.request({\n  method: 'POST',\n  url: '/ModeloLeiaute',\n  body: {\n    idEscopo: '012644f1-34c5-452e-a40d-5a3c2fa70d46',\n    nome: 'Modelo ECD alterado cy. Este manual visa a orientar a execução dos serviços',\n    descricao: 'Escrituração Contábil Digital Validacao cy. Este manual visa a orientar a execução dos serviços destinados à emissão de documentos e escrituração de livros fiscais',\n    tipoArquivo: 'Separador',\n    configArquivo: '||'\n  },\n  failOnStatusCode: false\n}).as('response');\ncy.get('@response').then(function (resposta) {\n  console.log(resposta);\n  expect(resposta.status).to.be.equal(400);\n  expect(resposta.body.errors.Descricao[0]).to.be.equal('O campo deve ter no máximo 150 caracteres');\n});",
              "err": {},
              "uuid": "3741cbc4-3465-4e65-8640-3db34e3626f7",
              "parentUUID": "78e3b1be-676b-4f83-aa61-78e3a84bd98c",
              "isHook": false,
              "skipped": false
            },
            {
              "title": "POST - Mais de 5 caracteres no ConfigArquivo (O campo deve ter no máximo 5 caracteres)",
              "fullTitle": "Teste API modeloleiaute (Limite de caracteres) POST - Mais de 5 caracteres no ConfigArquivo (O campo deve ter no máximo 5 caracteres)",
              "timedOut": null,
              "duration": 350,
              "state": "passed",
              "speed": "slow",
              "pass": true,
              "fail": false,
              "pending": false,
              "context": null,
              "code": "cy.request({\n  method: 'POST',\n  url: '/ModeloLeiaute',\n  body: {\n    idEscopo: '012644f1-34c5-452e-a40d-5a3c2fa70d46',\n    nome: 'Modelo ECD Validacao cy',\n    descricao: 'Escrituração Contábil Digital Validacao cy',\n    tipoArquivo: 'Separador',\n    configArquivo: ';;;;;;'\n  },\n  failOnStatusCode: false\n}).as('response');\ncy.get('@response').then(function (resposta) {\n  console.log(resposta);\n  expect(resposta.status).to.be.equal(400);\n  expect(resposta.body.errors.ConfigArquivo[0]).to.be.equal('O campo deve ter no máximo 5 caracteres');\n});",
              "err": {},
              "uuid": "179637cb-3a9f-4d16-ab00-2c26c2dd2961",
              "parentUUID": "78e3b1be-676b-4f83-aa61-78e3a84bd98c",
              "isHook": false,
              "skipped": false
            },
            {
              "title": "POST - Cadastrando um Modelo para teste (Posicionamento)",
              "fullTitle": "Teste API modeloleiaute (Limite de caracteres) POST - Cadastrando um Modelo para teste (Posicionamento)",
              "timedOut": null,
              "duration": 451,
              "state": "passed",
              "speed": "slow",
              "pass": true,
              "fail": false,
              "pending": false,
              "context": null,
              "code": "cy.request({\n  method: 'POST',\n  url: '/ModeloLeiaute',\n  body: {\n    idEscopo: '012644f1-34c5-452e-a40d-5a3c2fa70d46',\n    nome: 'Modelo SINTEGRA para teste cy',\n    descricao: 'Convênio ICMS para teste cy',\n    tipoArquivo: 'Posicionamento'\n  }\n}).its('status').should('be.equal', 200); // Validar POST\ncy.request({\n  method: 'GET',\n  url: '/ModeloLeiaute'\n}).then(function (resposta) {\n  var codigoLeiaute = null;\n  resposta.body.retorno.forEach(function (c) {\n    if (c.nome === 'Modelo SINTEGRA para teste cy') codigoLeiaute = c.nome;\n  });\n  expect(codigoLeiaute).to.be.equal('Modelo SINTEGRA para teste cy');\n});",
              "err": {},
              "uuid": "151d2a54-e1bd-4287-8781-1e49bba4fc41",
              "parentUUID": "78e3b1be-676b-4f83-aa61-78e3a84bd98c",
              "isHook": false,
              "skipped": false
            },
            {
              "title": "PUT - Limite de caracteres - Nome [50]",
              "fullTitle": "Teste API modeloleiaute (Limite de caracteres) PUT - Limite de caracteres - Nome [50]",
              "timedOut": null,
              "duration": 242,
              "state": "passed",
              "speed": "slow",
              "pass": true,
              "fail": false,
              "pending": false,
              "context": null,
              "code": "cy.request({\n  method: 'GET',\n  url: '/ModeloLeiaute',\n  qs: {\n    nome: 'Modelo SINTEGRA para teste cy'\n  }\n}).then(function (resposta) {\n  cy.request({\n    method: 'PUT',\n    url: \"/ModeloLeiaute/\".concat(resposta.body.retorno[0].id),\n    body: {\n      idEscopo: '012644f1-34c5-452e-a40d-5a3c2fa70d46',\n      nome: 'Modelo ECD alterado cy. Este manual visa a orientar a execução dos serviços',\n      descricao: 'Convênio ICMS alterado pelo cy',\n      tipoArquivo: 'Posicionamento'\n    },\n    failOnStatusCode: false\n  }).as('response');\n});\ncy.get('@response').then(function (resposta) {\n  console.log(resposta);\n  expect(resposta.status).to.be.equal(400);\n  expect(resposta.body.errors.Nome[0]).to.be.equal('O campo deve ter no máximo 50 caracteres');\n});",
              "err": {},
              "uuid": "ba61afb8-32d5-450d-868d-5079e6165eeb",
              "parentUUID": "78e3b1be-676b-4f83-aa61-78e3a84bd98c",
              "isHook": false,
              "skipped": false
            },
            {
              "title": "PUT - Limite de caracteres - Descrição [150]",
              "fullTitle": "Teste API modeloleiaute (Limite de caracteres) PUT - Limite de caracteres - Descrição [150]",
              "timedOut": null,
              "duration": 225,
              "state": "passed",
              "speed": "slow",
              "pass": true,
              "fail": false,
              "pending": false,
              "context": null,
              "code": "cy.request({\n  method: 'GET',\n  url: '/ModeloLeiaute',\n  qs: {\n    nome: 'Modelo SINTEGRA para teste cy'\n  }\n}).then(function (resposta) {\n  cy.request({\n    method: 'PUT',\n    url: \"/ModeloLeiaute/\".concat(resposta.body.retorno[0].id),\n    body: {\n      idEscopo: '012644f1-34c5-452e-a40d-5a3c2fa70d46',\n      nome: 'Modelo SINTEGRA para teste cy',\n      descricao: 'Escrituração Contábil Digital Validacao cy. Este manual visa a orientar a execução dos serviços destinados à emissão de documentos e escrituração de livros fiscais',\n      tipoArquivo: 'Posicionamento'\n    },\n    failOnStatusCode: false\n  }).as('response');\n});\ncy.get('@response').then(function (resposta) {\n  console.log(resposta);\n  expect(resposta.status).to.be.equal(400);\n  expect(resposta.body.errors.Descricao[0]).to.be.equal('O campo deve ter no máximo 150 caracteres');\n});",
              "err": {},
              "uuid": "67f09965-6ac2-402f-9395-3ab8da37cf84",
              "parentUUID": "78e3b1be-676b-4f83-aa61-78e3a84bd98c",
              "isHook": false,
              "skipped": false
            },
            {
              "title": "DELETE - Removendo o Modelo utilizado no teste (Posicionamento)",
              "fullTitle": "Teste API modeloleiaute (Limite de caracteres) DELETE - Removendo o Modelo utilizado no teste (Posicionamento)",
              "timedOut": null,
              "duration": 329,
              "state": "passed",
              "speed": "slow",
              "pass": true,
              "fail": false,
              "pending": false,
              "context": null,
              "code": "cy.request({\n  method: 'GET',\n  url: '/ModeloLeiaute',\n  qs: {\n    nome: 'Modelo SINTEGRA para teste cy'\n  }\n}).then(function (resposta) {\n  cy.request({\n    method: 'DELETE',\n    url: \"/ModeloLeiaute/\".concat(resposta.body.retorno[0].id)\n  }).its('status').should('be.equal', 200);\n});",
              "err": {},
              "uuid": "c82a83d9-2d46-4f12-bc09-e3744643ed4c",
              "parentUUID": "78e3b1be-676b-4f83-aa61-78e3a84bd98c",
              "isHook": false,
              "skipped": false
            }
          ],
          "suites": [],
          "passes": [
            "d221f3b4-2b36-4d5f-af5e-1c97006ccee5",
            "3741cbc4-3465-4e65-8640-3db34e3626f7",
            "179637cb-3a9f-4d16-ab00-2c26c2dd2961",
            "151d2a54-e1bd-4287-8781-1e49bba4fc41",
            "ba61afb8-32d5-450d-868d-5079e6165eeb",
            "67f09965-6ac2-402f-9395-3ab8da37cf84",
            "c82a83d9-2d46-4f12-bc09-e3744643ed4c"
          ],
          "failures": [],
          "pending": [],
          "skipped": [],
          "duration": 2116,
          "root": false,
          "rootEmpty": false,
          "_timeout": 2000
        }
      ],
      "passes": [],
      "failures": [],
      "pending": [],
      "skipped": [],
      "duration": 0,
      "root": true,
      "rootEmpty": true,
      "_timeout": 2000
    }
  ],
  "meta": {
    "mocha": {
      "version": "8.3.0"
    },
    "mochawesome": {
      "options": {
        "quiet": false,
        "reportFilename": "mochawesome",
        "saveHtml": false,
        "saveJson": true,
        "consoleReporter": "spec",
        "useInlineDiffs": false,
        "code": true
      },
      "version": "6.2.2"
    },
    "marge": {
      "options": {
        "id": "default",
        "reportDir": "cypress/reports/mocha",
        "quite": true,
        "overwrite": false,
        "html": false,
        "json": true
      },
      "version": "5.2.0"
    }
  }
}