{
  "stats": {
    "suites": 2,
    "tests": 4,
    "passes": 2,
    "pending": 0,
    "failures": 2,
    "start": "2021-04-29T19:23:11.738Z",
    "end": "2021-04-29T19:25:33.349Z",
    "duration": 141611,
    "testsRegistered": 4,
    "passPercent": 50,
    "pendingPercent": 0,
    "other": 0,
    "hasOther": false,
    "skipped": 0,
    "hasSkipped": false
  },
  "results": [
    {
      "uuid": "1f419153-e593-49cc-925b-9838a5587248",
      "title": "",
      "fullFile": "cypress\\integration\\eauditoria.spec.js",
      "file": "cypress\\integration\\eauditoria.spec.js",
      "beforeHooks": [],
      "afterHooks": [],
      "tests": [],
      "suites": [
        {
          "uuid": "bf63ea09-0f40-40ef-965b-7f8d5597a351",
          "title": "Módulo e-Auditor",
          "fullFile": "",
          "file": "",
          "beforeHooks": [],
          "afterHooks": [],
          "tests": [],
          "suites": [
            {
              "uuid": "e1bc7bf8-a94d-4f3a-b632-6c93440a8223",
              "title": "Testes no Cadastro de Empresas",
              "fullFile": "",
              "file": "",
              "beforeHooks": [],
              "afterHooks": [],
              "tests": [
                {
                  "title": "Cadastrar uma empresa",
                  "fullTitle": "Módulo e-Auditor Testes no Cadastro de Empresas Cadastrar uma empresa",
                  "timedOut": null,
                  "duration": 57367,
                  "state": "passed",
                  "speed": "slow",
                  "pass": true,
                  "fail": false,
                  "pending": false,
                  "context": null,
                  "code": "cy.get('#CNPJ_Cadastro').type('17685872000133');\ncy.get('#Cidade_Cadastro').type('Carmo do Rio Claro');\ncy.get('#Razao_Social_Cadastro').type('DSG FARMA JD AMERICA LTDA');\ncy.get('#Regime_Tributacao_Cadastro_Input').type('Simples Nacional');\ncy.get('em').click();\ncy.get('#ctl00_central_UF_Cadastro_Input').type('MG');\ncy.get('em').click();\ncy.wait(2000);\ncy.get('#IE_Cadastro').type('0021090320019');\ncy.wait(2000);\ncy.get('#btnSalvar2').click();\ncy.timeout(30000);\ncy.get('.confirm').should('exist');\ncy.get('.confirm').click();\ncy.wait(5000);\ncy.get('#ContentSidebarLeft_menuSidebarLeft_btnPreCadastro > .btn-action-sidebar').click();\ncy.wait(3000);\ncy.get('#CNPJ_Cadastro').type('02126840000120');\ncy.get('#Cidade_Cadastro').type('Juiz de Fora');\ncy.get('#Razao_Social_Cadastro').type('GILMAQ COMERCIO DE MAQUINAS AGRICOLAS LTDA - EPP');\ncy.get('#ctl00_central_UF_Cadastro_Input').type('MG');\ncy.get('em').click();\ncy.get('#Regime_Tributacao_Cadastro_Input').type('Simples Nacional');\ncy.get('#IE_Cadastro').type('2237135870051');\ncy.get('#btnSalvar2').click();\ncy.timeout(30000);\ncy.get('.confirm').should('exist');\ncy.get('.confirm').click();\ncy.timeout(30000); // cy.xpath(\"//*[contains(@id, 'ctl00_ctl00_ContentSidebarLeft_menuSidebarLeft_rtvEmpresasPanel')]//*[contains(@title, 'GILMAQ COMERCIO DE MAQUINAS AGRICOLAS LTDA - EPP - 02126840000120')]\").should('exist')\n//cy.get('#ContentSidebarLeft_menuSidebarLeft_btnPreCadastro > .btn-action-sidebar').click()\n//cy.get('#ContentSidebarLeft_menuSidebarLeft_btnPreCadastro > .btn-action-sidebar').click()\n// cy.get('#ctl00_ContentSidebarLeft_menuSidebarLeft_rtvEmpresas_i0_lblempresa').click()\n// cy.get('#area_dados > .titulo-card').should('be.visible')\n// cy.get('.hamburger-box').click()\n// cy.get('#ContentSidebarLeft_menuSidebarLeft_btnPreCadastro > .btn-action-sidebar').click()\n//cy.xpath(\"//*[contains(@id, 'ctl00_ctl00_ContentSidebarLeft_menuSidebarLeft_rtvEmpresasPanel')]//*[contains(@title, 'DSG FARMA JD AMERICA LTDA - 17685872000133')]\").should('exist')\n//li[@class='rcbItem']/descendant-or-self::*/text()",
                  "err": {},
                  "uuid": "2e37373b-cd13-4508-bcff-94ad2b2013e0",
                  "parentUUID": "e1bc7bf8-a94d-4f3a-b632-6c93440a8223",
                  "isHook": false,
                  "skipped": false
                },
                {
                  "title": "Alterar o cadastro de uma empresa",
                  "fullTitle": "Módulo e-Auditor Testes no Cadastro de Empresas Alterar o cadastro de uma empresa",
                  "timedOut": null,
                  "duration": 22488,
                  "state": "failed",
                  "speed": null,
                  "pass": false,
                  "fail": true,
                  "pending": false,
                  "context": null,
                  "code": "cy.get('.rtMid > .rtIn > .rtTemplate').click();\ncy.wait(3000);\ncy.get('#ctl00_central_maCNPJ').should('contain', '17685872000133');\ncy.get('#nav3Link').click();\ncy.get('#chklistXML > tbody').click();\ncy.get('#chklistNFCe > tbody').click();\ncy.wait(5000);\ncy.get('#btnSalvar2').click();\ncy.wait(2000);\ncy.get('.confirm').should('exist'); // cy.xpath(\"//*[contains(@id, 'ctl00_ctl00_ContentSidebarLeft_menuSidebarLeft_rtvEmpresasPanel')]//*[contains(@title, 'DSG FARMA JD AMERICA LTDA - 17685872000133')]\").click()\n// cy.wait(2000)\n// cy.get('#MenuPadrao_MenuInicio').click()\n// cy.wait(5000)\n// cy.get('#menu_principal > .navbar > .nav > :nth-child(4) > .nav-link').click()\n// cy.get('#MenuPadrao_MenurelatoriosEmpresa').click()\n// cy.wait(1000)\n// cy.get('#MenuPadrao_MenuInicio').click()\n// cy.wait(1000)\n// cy.get('#menu_principal > .navbar > .nav > :nth-child(4) > .nav-link').click()\n// cy.get('#MenuPadrao_MenurelatoriosEmpresa').click()\n// cy.wait(2000)\n// cy.get('#ContentSidebarLeft_menuSidebarLeft_btnPreCadastro > .btn-action-sidebar').click()\n// Cadastrar a segunda empresa          \n//cy.get('#Regime_Tributacao_Cadastro_Input').type('Simples Nacional')\n//cy.get('#Regime_Tributacao_Cadastro_DropDown > .rcbScroll > .rcbList').contains('Simples Nacional').click()\n// cy.get('#IE_Cadastro').type('2237135870051')\n//cy.get('#Razao_Social_Cadastro').type('GILMAQ COMERCIO DE MAQUINAS AGRICOLAS LTDA - EPP')\n// cy.get('#Cidade_Cadastro').type('Juiz de Fora')\n// cy.get('#CNPJ_Cadastro').type('02126840000120')\n// cy.get('#ctl00_central_UF_Cadastro_Arrow').click()\n// cy.get('#ctl00_central_UF_Cadastro_DropDown > .rcbScroll > .rcbList').wait(300).contains('MG').click()\n// cy.wait(5000)\n//cy.get('#btnSalvar2').click()\n// cy.timeout(30000)\n// cy.get('.confirm').should('exist')\n// cy.get('.confirm').click()\n// cy.xpath(\"//*[contains(@id, 'ctl00_ctl00_ContentSidebarLeft_menuSidebarLeft_rtvEmpresasPanel')]//*[contains(@title, 'GILMAQ COMERCIO DE MAQUINAS AGRICOLAS LTDA - EPP - 02126840000120')]\").should('exist')\n/*  // Cadastrar a segunda empresa          \n cy.get('#Razao_Social_Cadastro').type('GILMAQ COMERCIO DE MAQUINAS AGRICOLAS LTDA - EPP')\n cy.get('#Regime_Tributacao_Cadastro_Input').type('Lucro Presumido')\n cy.get('#IE_Cadastro').type('2237135870051')         \n cy.get('#ctl00_central_UF_Cadastro_Input').type('MG')                        \n cy.get('em').click()           \n cy.get('#ctl00_central_Isento_Cadastro').click()\n cy.get('#CNPJ_Cadastro').type('02126840000120')            \n cy.get('#Cidades_Cadastro').type('Juiz de Fora') \n       \n cy.get('#btnSalvar2').click()\n cy.get('.confirm').should('exist')\n cy.get('.confirm').click()  */\n//cy.xpath(\"//@class[contains(.,'sa-confirm-button-container')]\").click() \n//cy.xpath(\"//*[contains(@id, 'ctl00_ctl00_ContentSidebarLeft_menuSidebarLeft_rtvEmpresasPanel')]//*[contains(@title, 'GILMAQ COMERCIO DE MAQUINAS AGRICOLAS LTDA - EPP - 02126840000120')]\").should('exist')\n//cy.xpath(\"//h2[contains(.,'sucesso')]\").should('Operação realizada com sucesso', {timeout: 30000})",
                  "err": {
                    "message": "CypressError: cy.click() can only be called on a single element. Your subject contained 2 elements. Pass { multiple: true } if you want to serially click each element.",
                    "estack": "CypressError: cy.click() can only be called on a single element. Your subject contained 2 elements. Pass { multiple: true } if you want to serially click each element.\n    at Object.cypressErr (https://apigestaoleiauteteste.e-auditoria.com.br/__cypress/runner/cypress_runner.js:86207:11)\n    at Object.throwErr (https://apigestaoleiauteteste.e-auditoria.com.br/__cypress/runner/cypress_runner.js:86162:18)\n    at Object.throwErrByPath (https://apigestaoleiauteteste.e-auditoria.com.br/__cypress/runner/cypress_runner.js:86194:17)\n    at mouseAction (https://apigestaoleiauteteste.e-auditoria.com.br/__cypress/runner/cypress_runner.js:66570:14)\n    at Context.click (https://apigestaoleiauteteste.e-auditoria.com.br/__cypress/runner/cypress_runner.js:66713:14)\n    at Context.<anonymous> (https://apigestaoleiauteteste.e-auditoria.com.br/__cypress/runner/cypress_runner.js:81414:21)\n    at https://apigestaoleiauteteste.e-auditoria.com.br/__cypress/runner/cypress_runner.js:80892:33\n    at tryCatcher (https://apigestaoleiauteteste.e-auditoria.com.br/__cypress/runner/cypress_runner.js:120203:23)\n    at Promise._settlePromiseFromHandler (https://apigestaoleiauteteste.e-auditoria.com.br/__cypress/runner/cypress_runner.js:118139:31)\n    at Promise._settlePromise (https://apigestaoleiauteteste.e-auditoria.com.br/__cypress/runner/cypress_runner.js:118196:18)\n    at Promise._settlePromiseCtx (https://apigestaoleiauteteste.e-auditoria.com.br/__cypress/runner/cypress_runner.js:118233:10)\n    at Async../node_modules/bluebird/js/release/async.js.Async._drainQueue (https://apigestaoleiauteteste.e-auditoria.com.br/__cypress/runner/cypress_runner.js:114933:12)\n    at Async../node_modules/bluebird/js/release/async.js.Async._drainQueues (https://apigestaoleiauteteste.e-auditoria.com.br/__cypress/runner/cypress_runner.js:114938:10)\n    at Async.drainQueues (https://apigestaoleiauteteste.e-auditoria.com.br/__cypress/runner/cypress_runner.js:114812:14)",
                    "diff": null
                  },
                  "uuid": "f29b0937-cea9-40e2-9162-dc8b477cfb7f",
                  "parentUUID": "e1bc7bf8-a94d-4f3a-b632-6c93440a8223",
                  "isHook": false,
                  "skipped": false
                },
                {
                  "title": "Validar obrigatoriedade dos campos no cadastro de empresa",
                  "fullTitle": "Módulo e-Auditor Testes no Cadastro de Empresas Validar obrigatoriedade dos campos no cadastro de empresa",
                  "timedOut": null,
                  "duration": 38511,
                  "state": "passed",
                  "speed": "slow",
                  "pass": true,
                  "fail": false,
                  "pending": false,
                  "context": null,
                  "code": "// Razão Social\ncy.get('#btnSalvar2').click();\ncy.get('p[style=\"display: block;\"]').should('exist'); //cy.xpath(\"//p[contains(.,'Razão Social')]\").should('contains','Informe o campo (Razão Social), da empresa.')\ncy.get('.confirm').click();\ncy.get('#Razao_Social_Cadastro').type('DSG FARMA JD AMERICA LTDA'); // CNPJ\ncy.get('#btnSalvar2').click();\ncy.get('p[style=\"display: block;\"]').should('exist');\ncy.get('.confirm').click();\ncy.get('#CNPJ_Cadastro').type('17685872000133'); // Estado \ncy.get('#btnSalvar2').click();\ncy.get('p[style=\"display: block;\"]').should('exist');\ncy.get('.confirm').click();\ncy.get('#ctl00_central_UF_Cadastro_Input').type('MG');\ncy.get('em').click(); // Cidade\ncy.get('#btnSalvar2').click();\ncy.get('p[style=\"display: block;\"]').should('exist');\ncy.get('.confirm').click();\ncy.get('#Cidade_Cadastro').type('Carmo do Rio Claro'); // Regime de tributação\ncy.get('#btnSalvar2').click();\ncy.get('p[style=\"display: block;\"]').should('exist');\ncy.get('.confirm').click();\ncy.get('#Regime_Tributacao_Cadastro_Input').type('Simples Nacional');\ncy.get('em').click(); //Já existe empresa cadastrada com a mesma Razão social\ncy.get('#btnSalvar2').click();\ncy.get('p[style=\"display: block;\"]').should('exist');\ncy.get('.confirm').click();",
                  "err": {},
                  "uuid": "25658b70-3779-48f0-8ad1-daae7b3dd686",
                  "parentUUID": "e1bc7bf8-a94d-4f3a-b632-6c93440a8223",
                  "isHook": false,
                  "skipped": false
                },
                {
                  "title": "Excluir empresa",
                  "fullTitle": "Módulo e-Auditor Testes no Cadastro de Empresas Excluir empresa",
                  "timedOut": null,
                  "duration": 22895,
                  "state": "failed",
                  "speed": null,
                  "pass": false,
                  "fail": true,
                  "pending": false,
                  "context": null,
                  "code": "//cy.reload()\n// Identificar a empresa cadastrada no teste anterior e excluir\ncy.xpath(\"//*[contains(@id, 'ctl00_ctl00_ContentSidebarLeft_menuSidebarLeft_rtvEmpresasPanel')]//*[contains(@title, 'DSG FARMA JD AMERICA LTDA - 17685872000133')]\").click();\ncy.wait(5000);\ncy.get('#btn-excluir-empresa').click();\ncy.get('#ButtonExcluirEmpresa').click();\ncy.wait(5000);\ncy.xpath(\"//*[contains(@id, 'ctl00_ctl00_ContentSidebarLeft_menuSidebarLeft_rtvEmpresasPanel')]//*[contains(@title, 'DSG FARMA JD AMERICA LTDA - 17685872000133')]\").should('not.exist');\ncy.wait(5000); // Identificar a empresa cadastrada no teste anterior e excluir\ncy.xpath(\"//*[contains(@id, 'ctl00_ctl00_ContentSidebarLeft_menuSidebarLeft_rtvEmpresasPanel')]//*[contains(@title, 'GILMAQ COMERCIO DE MAQUINAS AGRICOLAS LTDA - EPP - 02126840000120')]\").click();\ncy.wait(5000);\ncy.get('#btn-excluir-empresa').click();\ncy.get('#ButtonExcluirEmpresa').click();\ncy.wait(5000);\ncy.xpath(\"//*[contains(@id, 'ctl00_ctl00_ContentSidebarLeft_menuSidebarLeft_rtvEmpresasPanel')]//*[contains(@title, 'GILMAQ COMERCIO DE MAQUINAS AGRICOLAS LTDA - EPP - 02126840000120')]\").should('not.exist');",
                  "err": {
                    "message": "CypressError: Timed out retrying: cy.click() failed because this element:\n\n<span id=\"ctl00_ContentSidebarLeft_menuSidebarLeft_rtvEmpresas_i2_lblempresa\" title=\"DSG FARMA JD AMERICA LTDA - 17685872000133\" class=\"hf_razao_social margin-empresa t-ellipsis\" onclick=\"retirarMsgContent(); loadingWindow(true);\">DSG FAR...</span>\n\nis being covered by another element:\n\n<label class=\"label_form\">Inscr. ...</label>\n\nFix this problem, or use {force: true} to disable error checking.\n\nhttps://on.cypress.io/element-cannot-be-interacted-with",
                    "estack": "CypressError: Timed out retrying: cy.click() failed because this element:\n\n<span id=\"ctl00_ContentSidebarLeft_menuSidebarLeft_rtvEmpresas_i2_lblempresa\" title=\"DSG FARMA JD AMERICA LTDA - 17685872000133\" class=\"hf_razao_social margin-empresa t-ellipsis\" onclick=\"retirarMsgContent(); loadingWindow(true);\">DSG FAR...</span>\n\nis being covered by another element:\n\n<label class=\"label_form\">Inscr. ...</label>\n\nFix this problem, or use {force: true} to disable error checking.\n\nhttps://on.cypress.io/element-cannot-be-interacted-with\n    at Object.cypressErr (https://apigestaoleiauteteste.e-auditoria.com.br/__cypress/runner/cypress_runner.js:86207:11)\n    at Object.throwErr (https://apigestaoleiauteteste.e-auditoria.com.br/__cypress/runner/cypress_runner.js:86162:18)\n    at Object.throwErrByPath (https://apigestaoleiauteteste.e-auditoria.com.br/__cypress/runner/cypress_runner.js:86194:17)\n    at Object.retry (https://apigestaoleiauteteste.e-auditoria.com.br/__cypress/runner/cypress_runner.js:76849:16)\n    at retryActionability (https://apigestaoleiauteteste.e-auditoria.com.br/__cypress/runner/cypress_runner.js:65238:19)\n    at tryCatcher (https://apigestaoleiauteteste.e-auditoria.com.br/__cypress/runner/cypress_runner.js:120203:23)\n    at Function.Promise.attempt.Promise.try (https://apigestaoleiauteteste.e-auditoria.com.br/__cypress/runner/cypress_runner.js:117478:29)\n    at tryFn (https://apigestaoleiauteteste.e-auditoria.com.br/__cypress/runner/cypress_runner.js:77307:21)\n    at whenStable (https://apigestaoleiauteteste.e-auditoria.com.br/__cypress/runner/cypress_runner.js:77342:12)\n    at https://apigestaoleiauteteste.e-auditoria.com.br/__cypress/runner/cypress_runner.js:76892:16\n    at tryCatcher (https://apigestaoleiauteteste.e-auditoria.com.br/__cypress/runner/cypress_runner.js:120203:23)\n    at Promise._settlePromiseFromHandler (https://apigestaoleiauteteste.e-auditoria.com.br/__cypress/runner/cypress_runner.js:118139:31)\n    at Promise._settlePromise (https://apigestaoleiauteteste.e-auditoria.com.br/__cypress/runner/cypress_runner.js:118196:18)\n    at Promise._settlePromise0 (https://apigestaoleiauteteste.e-auditoria.com.br/__cypress/runner/cypress_runner.js:118241:10)\n    at Promise._settlePromises (https://apigestaoleiauteteste.e-auditoria.com.br/__cypress/runner/cypress_runner.js:118320:18)\n    at Promise._fulfill (https://apigestaoleiauteteste.e-auditoria.com.br/__cypress/runner/cypress_runner.js:118265:18)",
                    "diff": null
                  },
                  "uuid": "a33b4f46-5417-4f86-acb1-9795cdb2293a",
                  "parentUUID": "e1bc7bf8-a94d-4f3a-b632-6c93440a8223",
                  "isHook": false,
                  "skipped": false
                }
              ],
              "suites": [],
              "passes": [
                "2e37373b-cd13-4508-bcff-94ad2b2013e0",
                "25658b70-3779-48f0-8ad1-daae7b3dd686"
              ],
              "failures": [
                "f29b0937-cea9-40e2-9162-dc8b477cfb7f",
                "a33b4f46-5417-4f86-acb1-9795cdb2293a"
              ],
              "pending": [],
              "skipped": [],
              "duration": 141261,
              "root": false,
              "rootEmpty": false,
              "_timeout": 2000
            }
          ],
          "passes": [],
          "failures": [],
          "pending": [],
          "skipped": [],
          "duration": 0,
          "root": false,
          "rootEmpty": false,
          "_timeout": 2000
        }
      ],
      "passes": [],
      "failures": [],
      "pending": [],
      "skipped": [],
      "duration": 0,
      "root": true,
      "rootEmpty": true,
      "_timeout": 2000
    }
  ],
  "meta": {
    "mocha": {
      "version": "8.3.0"
    },
    "mochawesome": {
      "options": {
        "quiet": false,
        "reportFilename": "mochawesome",
        "saveHtml": false,
        "saveJson": true,
        "consoleReporter": "spec",
        "useInlineDiffs": false,
        "code": true
      },
      "version": "6.2.2"
    },
    "marge": {
      "options": {
        "id": "default",
        "reportDir": "cypress/reports/mocha",
        "quite": true,
        "overwrite": false,
        "html": false,
        "json": true
      },
      "version": "5.2.0"
    }
  }
}