{
  "stats": {
    "suites": 0,
    "tests": 1,
    "passes": 1,
    "pending": 0,
    "failures": 0,
    "start": "2021-03-03T17:04:16.599Z",
    "end": "2021-03-03T17:04:16.865Z",
    "duration": 266,
    "testsRegistered": 1,
    "passPercent": 100,
    "pendingPercent": 0,
    "other": 0,
    "hasOther": false,
    "skipped": 0,
    "hasSkipped": false
  },
  "results": [
    {
      "uuid": "a948c385-81bf-4d78-af32-0942e8082c60",
      "title": "",
      "fullFile": "cypress\\integration\\frontend-modelo.spec.js",
      "file": "cypress\\integration\\frontend-modelo.spec.js",
      "beforeHooks": [],
      "afterHooks": [],
      "tests": [
        {
          "title": "teste 1",
          "fullTitle": "teste 1",
          "timedOut": null,
          "duration": 252,
          "state": "passed",
          "speed": "slow",
          "pass": true,
          "fail": false,
          "pending": false,
          "context": null,
          "code": "cy.request({\n  method: 'GET',\n  url: '/ModeloLeiaute',\n  qs: {\n    Termo: 'ECF'\n  }\n}).then(function (resposta) {\n  var termoNomeModelo = null;\n  resposta.body.retorno.forEach(function (c) {\n    if (c.termo === 'ECF') termoNomeModelo = c.termo;\n  });\n  expect(resposta.body.retorno[0].nome).to.contain('ECF');\n});",
          "err": {},
          "uuid": "4d12ea67-3eae-499b-b1f3-c1d4018222e3",
          "parentUUID": "a948c385-81bf-4d78-af32-0942e8082c60",
          "isHook": false,
          "skipped": false
        }
      ],
      "suites": [],
      "passes": [
        "4d12ea67-3eae-499b-b1f3-c1d4018222e3"
      ],
      "failures": [],
      "pending": [],
      "skipped": [],
      "duration": 252,
      "root": true,
      "rootEmpty": false,
      "_timeout": 2000
    }
  ],
  "meta": {
    "mocha": {
      "version": "7.0.1"
    },
    "mochawesome": {
      "options": {
        "quiet": false,
        "reportFilename": "mochawesome",
        "saveHtml": false,
        "saveJson": true,
        "consoleReporter": "spec",
        "useInlineDiffs": false,
        "code": true
      },
      "version": "6.2.2"
    },
    "marge": {
      "options": {
        "id": "default",
        "reportDir": "cypress/reports/mocha",
        "quite": true,
        "overwrite": false,
        "html": false,
        "json": true
      },
      "version": "5.2.0"
    }
  }
}